Using pre-set license
Built from '2020.3/staging' branch; Version is '2020.3.25f1 (9b9180224418) revision 10195328'; Using compiler version '192528614'; Build Type 'Release'
OS: 'Windows 11  (10.0.22000) 64bit Core' Language: 'en' Physical Memory: 16231 MB
BatchMode: 1, IsHumanControllingUs: 0, StartBugReporterOnCrash: 0, Is64bit: 1, IsPro: 0

COMMAND LINE ARGUMENTS:
C:\Program Files\Unity\Hub\Editor\2020.3.25f1\Editor\Unity.exe
-adb2
-batchMode
-noUpm
-name
AssetImportWorker0
-projectPath
C:/Users/drago/Desktop/Projects/TrialGame/Trial Game
-logFile
Logs/AssetImportWorker0.log
-srvPort
50701
Successfully changed project path to: C:/Users/drago/Desktop/Projects/TrialGame/Trial Game
C:/Users/drago/Desktop/Projects/TrialGame/Trial Game
Using Asset Import Pipeline V2.
Refreshing native plugins compatible for Editor in 131.23 ms, found 4 plugins.
Preloading 0 native plugins for Editor in 0.00 ms.
Initialize engine version: 2020.3.25f1 (9b9180224418)
[Subsystems] Discovering subsystems at path C:/Program Files/Unity/Hub/Editor/2020.3.25f1/Editor/Data/Resources/UnitySubsystems
[Subsystems] Discovering subsystems at path C:/Users/drago/Desktop/Projects/TrialGame/Trial Game/Assets
GfxDevice: creating device client; threaded=0
Direct3D:
    Version:  Direct3D 11.0 [level 11.1]
    Renderer: NVIDIA GeForce GTX 1660 Ti (ID=0x2191)
    Vendor:   
    VRAM:     5991 MB
    Driver:   30.0.15.1179
Initialize mono
Mono path[0] = 'C:/Program Files/Unity/Hub/Editor/2020.3.25f1/Editor/Data/Managed'
Mono path[1] = 'C:/Program Files/Unity/Hub/Editor/2020.3.25f1/Editor/Data/MonoBleedingEdge/lib/mono/unityjit'
Mono config path = 'C:/Program Files/Unity/Hub/Editor/2020.3.25f1/Editor/Data/MonoBleedingEdge/etc'
Using monoOptions --debugger-agent=transport=dt_socket,embedding=1,server=y,suspend=n,address=127.0.0.1:56848
Begin MonoManager ReloadAssembly
Registering precompiled unity dll's ...
Register platform support module: C:/Program Files/Unity/Hub/Editor/2020.3.25f1/Editor/Data/PlaybackEngines/WindowsStandaloneSupport/UnityEditor.WindowsStandalone.Extensions.dll
Registered in 0.001450 seconds.
Native extension for WindowsStandalone target not found
Refreshing native plugins compatible for Editor in 103.83 ms, found 4 plugins.
Preloading 0 native plugins for Editor in 0.00 ms.
Mono: successfully reloaded assembly
- Completed reload, in  0.605 seconds
Domain Reload Profiling:
	ReloadAssembly (605ms)
		BeginReloadAssembly (46ms)
			ExecutionOrderSort (0ms)
			DisableScriptedObjects (0ms)
			BackupInstance (0ms)
			ReleaseScriptingObjects (0ms)
			CreateAndSetChildDomain (1ms)
		EndReloadAssembly (486ms)
			LoadAssemblies (44ms)
			RebuildTransferFunctionScriptingTraits (0ms)
			SetupTypeCache (137ms)
			ReleaseScriptCaches (0ms)
			RebuildScriptCaches (31ms)
			SetupLoadedEditorAssemblies (225ms)
				LogAssemblyErrors (0ms)
				InitializePlatformSupportModulesInManaged (4ms)
				SetLoadedEditorAssemblies (0ms)
				RefreshPlugins (104ms)
				BeforeProcessingInitializeOnLoad (15ms)
				ProcessInitializeOnLoadAttributes (76ms)
				ProcessInitializeOnLoadMethodAttributes (25ms)
				AfterProcessingInitializeOnLoad (0ms)
				EditorAssembliesLoaded (0ms)
			ExecutionOrderSort2 (0ms)
			AwakeInstancesAfterBackupRestoration (0ms)
Platform modules already initialized, skipping
Registering precompiled user dll's ...
Registered in 0.011388 seconds.
Begin MonoManager ReloadAssembly
Native extension for WindowsStandalone target not found
Refreshing native plugins compatible for Editor in 108.00 ms, found 4 plugins.
Preloading 0 native plugins for Editor in 0.00 ms.
Mono: successfully reloaded assembly
- Completed reload, in  1.381 seconds
Domain Reload Profiling:
	ReloadAssembly (1382ms)
		BeginReloadAssembly (136ms)
			ExecutionOrderSort (0ms)
			DisableScriptedObjects (4ms)
			BackupInstance (0ms)
			ReleaseScriptingObjects (0ms)
			CreateAndSetChildDomain (17ms)
		EndReloadAssembly (1190ms)
			LoadAssemblies (89ms)
			RebuildTransferFunctionScriptingTraits (0ms)
			SetupTypeCache (340ms)
			ReleaseScriptCaches (1ms)
			RebuildScriptCaches (68ms)
			SetupLoadedEditorAssemblies (572ms)
				LogAssemblyErrors (0ms)
				InitializePlatformSupportModulesInManaged (3ms)
				SetLoadedEditorAssemblies (0ms)
				RefreshPlugins (108ms)
				BeforeProcessingInitializeOnLoad (112ms)
				ProcessInitializeOnLoadAttributes (296ms)
				ProcessInitializeOnLoadMethodAttributes (48ms)
				AfterProcessingInitializeOnLoad (5ms)
				EditorAssembliesLoaded (0ms)
			ExecutionOrderSort2 (0ms)
			AwakeInstancesAfterBackupRestoration (5ms)
Platform modules already initialized, skipping
========================================================================
Worker process is ready to serve import requests
Launched and connected shader compiler UnityShaderCompiler.exe after 0.07 seconds
Refreshing native plugins compatible for Editor in 1.24 ms, found 4 plugins.
Preloading 0 native plugins for Editor in 0.00 ms.
Unloading 4029 Unused Serialized files (Serialized files now loaded: 0)
System memory in use before: 162.6 MB.
System memory in use after: 162.8 MB.

Unloading 79 unused Assets to reduce memory usage. Loaded Objects now: 4463.
Total: 6.120200 ms (FindLiveObjects: 0.286900 ms CreateObjectMapping: 0.157200 ms MarkObjects: 5.634500 ms  DeleteObjects: 0.040900 ms)

AssetImportParameters requested are different than current active one (requested -> active):
  custom:framework-win-MediaFoundation: 216162199b28c13a410421893ffa2e32 -> 
  custom:video-decoder-ogg-theora: a1e56fd34408186e4bbccfd4996cb3dc -> 
  custom:container-muxer-webm: aa71ff27fc2769a1b78a27578f13a17b -> 
  custom:container-demuxer-webm: 4f35f7cbe854078d1ac9338744f61a02 -> 
  custom:container-demuxer-ogg: 62fdf1f143b41e24485cea50d1cbac27 -> 
  custom:video-encoder-webm-vp8: eb34c28f22e8b96e1ab97ce403110664 -> 
  custom:video-decoder-webm-vp8: 9c59270c3fd7afecdb556c50c9e8de78 -> 
  custom:audio-decoder-ogg-vorbis: bf7c407c2cedff20999df2af8eb42d56 -> 
  custom:audio-encoder-webm-vorbis: bf7c407c2cedff20999df2af8eb42d56 -> 
========================================================================
Received Import Request.
  path: Assets/Art/Sprites/Characters/Aztecs/Atlatl/Back/Atlatl_Attk_Back.png
  artifactKey: Guid(2fcf17b353dcd25459186344965475ed) Importer(815301076,1909f56bfc062723c751e8b465ee728b)
Start importing Assets/Art/Sprites/Characters/Aztecs/Atlatl/Back/Atlatl_Attk_Back.png using Guid(2fcf17b353dcd25459186344965475ed) Importer(815301076,1909f56bfc062723c751e8b465ee728b)  -> (artifact id: 'b01123917392100e9c0762247485024f') in 0.227955 seconds 
  Import took 0.234479 seconds .

========================================================================
Received Import Request.
  Time since last request: 49.502548 seconds.
  path: Assets/Art/Sprites/Characters/Aztecs/Atlatl/Back/Atlatl_Walk_Back.png
  artifactKey: Guid(eaf76627003d9dd4f93639c5e737c34d) Importer(815301076,1909f56bfc062723c751e8b465ee728b)
Start importing Assets/Art/Sprites/Characters/Aztecs/Atlatl/Back/Atlatl_Walk_Back.png using Guid(eaf76627003d9dd4f93639c5e737c34d) Importer(815301076,1909f56bfc062723c751e8b465ee728b)  -> (artifact id: 'd291a528e8fc29210e84b2cb7557a9af') in 0.068789 seconds 
  Import took 0.076637 seconds .

========================================================================
Received Import Request.
  Time since last request: 70.458930 seconds.
  path: Assets/Art/Sprites/Characters/Aztecs/Atlatl/Back/Back_Atlatl_Death.png
  artifactKey: Guid(eec2c808003afe14eb459c5c3d0a4d98) Importer(815301076,1909f56bfc062723c751e8b465ee728b)
Start importing Assets/Art/Sprites/Characters/Aztecs/Atlatl/Back/Back_Atlatl_Death.png using Guid(eec2c808003afe14eb459c5c3d0a4d98) Importer(815301076,1909f56bfc062723c751e8b465ee728b)  -> (artifact id: '21f923d4cb1662f534245409436a5db8') in 0.049642 seconds 
  Import took 0.056591 seconds .

========================================================================
Received Import Request.
  Time since last request: 111.009189 seconds.
  path: Assets/Art/Sprites/Characters/Aztecs/Atlatl/Back/Back_Atlatl_Death.png
  artifactKey: Guid(eec2c808003afe14eb459c5c3d0a4d98) Importer(815301076,1909f56bfc062723c751e8b465ee728b)
Start importing Assets/Art/Sprites/Characters/Aztecs/Atlatl/Back/Back_Atlatl_Death.png using Guid(eec2c808003afe14eb459c5c3d0a4d98) Importer(815301076,1909f56bfc062723c751e8b465ee728b)  -> (artifact id: 'da50a7e30d6f025fbbc5b643a54cd3b7') in 0.048073 seconds 
  Import took 0.055158 seconds .

========================================================================
Received Import Request.
  Time since last request: 41.871650 seconds.
  path: Assets/Art/Sprites/Characters/Aztecs/Atlatl/Back/Back_Atlatl_Hit.png
  artifactKey: Guid(2a3e1011b977f704fa251764916c99c5) Importer(815301076,1909f56bfc062723c751e8b465ee728b)
Start importing Assets/Art/Sprites/Characters/Aztecs/Atlatl/Back/Back_Atlatl_Hit.png using Guid(2a3e1011b977f704fa251764916c99c5) Importer(815301076,1909f56bfc062723c751e8b465ee728b)  -> (artifact id: 'bbb5f52561cfcf5a7e8ef45d50d18e94') in 0.056182 seconds 
  Import took 0.066796 seconds .

========================================================================
Received Import Request.
  Time since last request: 8.321085 seconds.
  path: Assets/Art/Sprites/Characters/Aztecs/Atlatl/Back/Back_Atlatl_Hit.png
  artifactKey: Guid(2a3e1011b977f704fa251764916c99c5) Importer(815301076,1909f56bfc062723c751e8b465ee728b)
Start importing Assets/Art/Sprites/Characters/Aztecs/Atlatl/Back/Back_Atlatl_Hit.png using Guid(2a3e1011b977f704fa251764916c99c5) Importer(815301076,1909f56bfc062723c751e8b465ee728b)  -> (artifact id: '94603b62515dd2f2293aaeb9ff63bc48') in 0.054917 seconds 
  Import took 0.066328 seconds .

========================================================================
Received Import Request.
  Time since last request: 227.483143 seconds.
  path: Assets/Art/Sprites/Characters/Aztecs/Tlamani/Back/Attack.png
  artifactKey: Guid(54c4c79899826ab44b1466640eecb1cc) Importer(815301076,1909f56bfc062723c751e8b465ee728b)
Start importing Assets/Art/Sprites/Characters/Aztecs/Tlamani/Back/Attack.png using Guid(54c4c79899826ab44b1466640eecb1cc) Importer(815301076,1909f56bfc062723c751e8b465ee728b)  -> (artifact id: 'd7e0df41b865df0817bb964229d2af40') in 0.064195 seconds 
  Import took 0.072816 seconds .

========================================================================
Received Prepare
Registering precompiled user dll's ...
Registered in 0.010366 seconds.
Begin MonoManager ReloadAssembly
Native extension for WindowsStandalone target not found
Refreshing native plugins compatible for Editor in 1.44 ms, found 4 plugins.
Preloading 0 native plugins for Editor in 0.00 ms.
Mono: successfully reloaded assembly
- Completed reload, in  1.334 seconds
Domain Reload Profiling:
	ReloadAssembly (1335ms)
		BeginReloadAssembly (131ms)
			ExecutionOrderSort (0ms)
			DisableScriptedObjects (7ms)
			BackupInstance (0ms)
			ReleaseScriptingObjects (0ms)
			CreateAndSetChildDomain (55ms)
		EndReloadAssembly (1132ms)
			LoadAssemblies (95ms)
			RebuildTransferFunctionScriptingTraits (0ms)
			SetupTypeCache (369ms)
			ReleaseScriptCaches (2ms)
			RebuildScriptCaches (75ms)
			SetupLoadedEditorAssemblies (483ms)
				LogAssemblyErrors (0ms)
				InitializePlatformSupportModulesInManaged (5ms)
				SetLoadedEditorAssemblies (1ms)
				RefreshPlugins (2ms)
				BeforeProcessingInitializeOnLoad (128ms)
				ProcessInitializeOnLoadAttributes (295ms)
				ProcessInitializeOnLoadMethodAttributes (47ms)
				AfterProcessingInitializeOnLoad (5ms)
				EditorAssembliesLoaded (0ms)
			ExecutionOrderSort2 (0ms)
			AwakeInstancesAfterBackupRestoration (7ms)
Platform modules already initialized, skipping
Refreshing native plugins compatible for Editor in 1.30 ms, found 4 plugins.
Preloading 0 native plugins for Editor in 0.00 ms.
Unloading 3953 Unused Serialized files (Serialized files now loaded: 0)
System memory in use before: 158.7 MB.
System memory in use after: 158.9 MB.

Unloading 70 unused Assets to reduce memory usage. Loaded Objects now: 4475.
Total: 6.084800 ms (FindLiveObjects: 0.283800 ms CreateObjectMapping: 0.206400 ms MarkObjects: 5.563600 ms  DeleteObjects: 0.030200 ms)

AssetImportParameters requested are different than current active one (requested -> active):
  custom:framework-win-MediaFoundation: 216162199b28c13a410421893ffa2e32 -> 
  custom:video-decoder-ogg-theora: a1e56fd34408186e4bbccfd4996cb3dc -> 
  custom:container-muxer-webm: aa71ff27fc2769a1b78a27578f13a17b -> 
  custom:container-demuxer-webm: 4f35f7cbe854078d1ac9338744f61a02 -> 
  custom:container-demuxer-ogg: 62fdf1f143b41e24485cea50d1cbac27 -> 
  custom:video-encoder-webm-vp8: eb34c28f22e8b96e1ab97ce403110664 -> 
  custom:video-decoder-webm-vp8: 9c59270c3fd7afecdb556c50c9e8de78 -> 
  custom:audio-decoder-ogg-vorbis: bf7c407c2cedff20999df2af8eb42d56 -> 
  custom:audio-encoder-webm-vorbis: bf7c407c2cedff20999df2af8eb42d56 -> 
========================================================================
Received Import Request.
  Time since last request: 2497.417155 seconds.
  path: Assets/Art/Sprites/Characters/Aztecs/Tlamani/Front/Attack.png
  artifactKey: Guid(8bf4e5fbadd5637499be814bfdd3aea1) Importer(815301076,1909f56bfc062723c751e8b465ee728b)
Start importing Assets/Art/Sprites/Characters/Aztecs/Tlamani/Front/Attack.png using Guid(8bf4e5fbadd5637499be814bfdd3aea1) Importer(815301076,1909f56bfc062723c751e8b465ee728b)  -> (artifact id: 'a863b95dc9fbdae05f3d33e6dcf3eb81') in 0.174642 seconds 
  Import took 0.183601 seconds .

========================================================================
Received Import Request.
  Time since last request: 1323.431267 seconds.
  path: Assets/Art/Sprites/Characters/Aztecs/Atlatl/Front/Atlatl_Attk_Front.png
  artifactKey: Guid(5c651fecdec350e40b74cbb66a8b3dba) Importer(815301076,1909f56bfc062723c751e8b465ee728b)
Start importing Assets/Art/Sprites/Characters/Aztecs/Atlatl/Front/Atlatl_Attk_Front.png using Guid(5c651fecdec350e40b74cbb66a8b3dba) Importer(815301076,1909f56bfc062723c751e8b465ee728b)  -> (artifact id: 'e201e25ee6cc96f8e8acd69dcba74a8c') in 0.076524 seconds 
  Import took 0.086190 seconds .

========================================================================
Received Prepare
Registering precompiled user dll's ...
Registered in 0.014843 seconds.
Begin MonoManager ReloadAssembly
Native extension for WindowsStandalone target not found
Refreshing native plugins compatible for Editor in 1.51 ms, found 4 plugins.
Preloading 0 native plugins for Editor in 0.00 ms.
Mono: successfully reloaded assembly
- Completed reload, in  1.312 seconds
Domain Reload Profiling:
	ReloadAssembly (1312ms)
		BeginReloadAssembly (122ms)
			ExecutionOrderSort (0ms)
			DisableScriptedObjects (6ms)
			BackupInstance (0ms)
			ReleaseScriptingObjects (0ms)
			CreateAndSetChildDomain (45ms)
		EndReloadAssembly (1125ms)
			LoadAssemblies (90ms)
			RebuildTransferFunctionScriptingTraits (0ms)
			SetupTypeCache (371ms)
			ReleaseScriptCaches (2ms)
			RebuildScriptCaches (72ms)
			SetupLoadedEditorAssemblies (482ms)
				LogAssemblyErrors (0ms)
				InitializePlatformSupportModulesInManaged (5ms)
				SetLoadedEditorAssemblies (1ms)
				RefreshPlugins (2ms)
				BeforeProcessingInitializeOnLoad (133ms)
				ProcessInitializeOnLoadAttributes (289ms)
				ProcessInitializeOnLoadMethodAttributes (47ms)
				AfterProcessingInitializeOnLoad (5ms)
				EditorAssembliesLoaded (0ms)
			ExecutionOrderSort2 (0ms)
			AwakeInstancesAfterBackupRestoration (6ms)
Platform modules already initialized, skipping
Refreshing native plugins compatible for Editor in 1.53 ms, found 4 plugins.
Preloading 0 native plugins for Editor in 0.00 ms.
Unloading 3953 Unused Serialized files (Serialized files now loaded: 0)
System memory in use before: 158.7 MB.
System memory in use after: 159.0 MB.

Unloading 70 unused Assets to reduce memory usage. Loaded Objects now: 4480.
Total: 6.223200 ms (FindLiveObjects: 0.303500 ms CreateObjectMapping: 0.200200 ms MarkObjects: 5.685200 ms  DeleteObjects: 0.033400 ms)

AssetImportParameters requested are different than current active one (requested -> active):
  custom:framework-win-MediaFoundation: 216162199b28c13a410421893ffa2e32 -> 
  custom:video-decoder-ogg-theora: a1e56fd34408186e4bbccfd4996cb3dc -> 
  custom:container-muxer-webm: aa71ff27fc2769a1b78a27578f13a17b -> 
  custom:container-demuxer-webm: 4f35f7cbe854078d1ac9338744f61a02 -> 
  custom:container-demuxer-ogg: 62fdf1f143b41e24485cea50d1cbac27 -> 
  custom:video-encoder-webm-vp8: eb34c28f22e8b96e1ab97ce403110664 -> 
  custom:video-decoder-webm-vp8: 9c59270c3fd7afecdb556c50c9e8de78 -> 
  custom:audio-decoder-ogg-vorbis: bf7c407c2cedff20999df2af8eb42d56 -> 
  custom:audio-encoder-webm-vorbis: bf7c407c2cedff20999df2af8eb42d56 -> 
========================================================================
Received Import Request.
  Time since last request: 563.931517 seconds.
  path: Assets/Art/Sprites/Characters/Aztecs/Tlamani/Back/Death.png
  artifactKey: Guid(754ab5225dd2eb04b8697b25fab29e40) Importer(815301076,1909f56bfc062723c751e8b465ee728b)
Start importing Assets/Art/Sprites/Characters/Aztecs/Tlamani/Back/Death.png using Guid(754ab5225dd2eb04b8697b25fab29e40) Importer(815301076,1909f56bfc062723c751e8b465ee728b)  -> (artifact id: '28bb6f2d1921d3e76be1efd8e5d6bf0e') in 0.164140 seconds 
  Import took 0.174222 seconds .

========================================================================
Received Import Request.
  Time since last request: 123.226335 seconds.
  path: Assets/Art/Sprites/Characters/Aztecs/Atlatl/Front/Atlatl_Walk_Front.png
  artifactKey: Guid(f3437fe581987794385c4fbb2483ed40) Importer(815301076,1909f56bfc062723c751e8b465ee728b)
Start importing Assets/Art/Sprites/Characters/Aztecs/Atlatl/Front/Atlatl_Walk_Front.png using Guid(f3437fe581987794385c4fbb2483ed40) Importer(815301076,1909f56bfc062723c751e8b465ee728b)  -> (artifact id: '18b569a799109bef33b4cabdd355dd56') in 0.093587 seconds 
  Import took 0.102636 seconds .

========================================================================
Received Import Request.
  Time since last request: 21.260028 seconds.
  path: Assets/Art/Sprites/Characters/Aztecs/Atlatl/Front/Front_Atlatl_Death.png
  artifactKey: Guid(0a9c0f7e75dfbab469e9f59256f9967f) Importer(815301076,1909f56bfc062723c751e8b465ee728b)
Start importing Assets/Art/Sprites/Characters/Aztecs/Atlatl/Front/Front_Atlatl_Death.png using Guid(0a9c0f7e75dfbab469e9f59256f9967f) Importer(815301076,1909f56bfc062723c751e8b465ee728b)  -> (artifact id: '8269bbeaa53b551392a3b49375eedd97') in 0.075431 seconds 
  Import took 0.083700 seconds .

========================================================================
Received Import Request.
  Time since last request: 21.843357 seconds.
  path: Assets/Art/Sprites/Characters/Aztecs/Atlatl/Front/Front_Atlatl_Hit.png
  artifactKey: Guid(d6368c2cf7f45a243b5c656253fee740) Importer(815301076,1909f56bfc062723c751e8b465ee728b)
Start importing Assets/Art/Sprites/Characters/Aztecs/Atlatl/Front/Front_Atlatl_Hit.png using Guid(d6368c2cf7f45a243b5c656253fee740) Importer(815301076,1909f56bfc062723c751e8b465ee728b)  -> (artifact id: '4b6a5c8fab99e72c3675c96a157ec244') in 0.053658 seconds 
  Import took 0.061227 seconds .

========================================================================
Received Import Request.
  Time since last request: 410.332540 seconds.
  path: Assets/Art/Sprites/Characters/Aztecs/Tlamani/Back/Hurt.png
  artifactKey: Guid(0a6bc8f381be42a4383f774ce3a1fe0f) Importer(815301076,1909f56bfc062723c751e8b465ee728b)
Start importing Assets/Art/Sprites/Characters/Aztecs/Tlamani/Back/Hurt.png using Guid(0a6bc8f381be42a4383f774ce3a1fe0f) Importer(815301076,1909f56bfc062723c751e8b465ee728b)  -> (artifact id: '2bd504cc4c95c152eb827f4f9c42849c') in 0.098576 seconds 
  Import took 0.107413 seconds .

========================================================================
Received Import Request.
  Time since last request: 354.442645 seconds.
  path: Assets/Art/Sprites/Characters/Aztecs/Tlamani/Front/Death.png
  artifactKey: Guid(b88204642a95de84e95f2f3d51b57e54) Importer(815301076,1909f56bfc062723c751e8b465ee728b)
Start importing Assets/Art/Sprites/Characters/Aztecs/Tlamani/Front/Death.png using Guid(b88204642a95de84e95f2f3d51b57e54) Importer(815301076,1909f56bfc062723c751e8b465ee728b)  -> (artifact id: 'a0a32f12c08fcffda18d69f8256830db') in 0.066826 seconds 
  Import took 0.074931 seconds .

========================================================================
Received Import Request.
  Time since last request: 176245.373315 seconds.
  path: Assets/Prefabs/Units/Damager_Melee.prefab
  artifactKey: Guid(a1470483a96840d4c8f5f3eb5858d11c) Importer(815301076,1909f56bfc062723c751e8b465ee728b)
Start importing Assets/Prefabs/Units/Damager_Melee.prefab using Guid(a1470483a96840d4c8f5f3eb5858d11c) Importer(815301076,1909f56bfc062723c751e8b465ee728b)  -> (artifact id: '3f257b06a73b89887f366960932ddd59') in 0.179224 seconds 
  Import took 0.248186 seconds .

========================================================================
Received Import Request.
  Time since last request: 0.000322 seconds.
  path: Assets/Prefabs/Units/EnemyManager.prefab
  artifactKey: Guid(4270de0bbc3e17742abf24bb7084e436) Importer(815301076,1909f56bfc062723c751e8b465ee728b)
Start importing Assets/Prefabs/Units/EnemyManager.prefab using Guid(4270de0bbc3e17742abf24bb7084e436) Importer(815301076,1909f56bfc062723c751e8b465ee728b)  -> (artifact id: 'bde350ef884d9c70962764bd82841390') in 0.019788 seconds 
  Import took 0.026839 seconds .

========================================================================
Received Import Request.
  Time since last request: 0.000274 seconds.
  path: Assets/Prefabs/Units/Damager_Range.prefab
  artifactKey: Guid(67258868e22826947847646127ef729a) Importer(815301076,1909f56bfc062723c751e8b465ee728b)
Start importing Assets/Prefabs/Units/Damager_Range.prefab using Guid(67258868e22826947847646127ef729a) Importer(815301076,1909f56bfc062723c751e8b465ee728b)  -> (artifact id: 'd52d47ccf96cec0f313c71dad580feea') in 0.019793 seconds 
  Import took 0.028798 seconds .

========================================================================
Received Import Request.
  Time since last request: 0.000276 seconds.
  path: Assets/Prefabs/Units/PlayerManager.prefab
  artifactKey: Guid(2e12013ee509a4947a663c2cfb7c52fa) Importer(815301076,1909f56bfc062723c751e8b465ee728b)
Start importing Assets/Prefabs/Units/PlayerManager.prefab using Guid(2e12013ee509a4947a663c2cfb7c52fa) Importer(815301076,1909f56bfc062723c751e8b465ee728b)  -> (artifact id: 'f2de8d82d75409e9f225b51dc34d9f67') in 0.020543 seconds 
  Import took 0.028271 seconds .

========================================================================
Received Import Request.
  Time since last request: 0.000267 seconds.
  path: Assets/Prefabs/Units/Damager_Range_Arc.prefab
  artifactKey: Guid(d0b97e8a444362648804176c4601835a) Importer(815301076,1909f56bfc062723c751e8b465ee728b)
Start importing Assets/Prefabs/Units/Damager_Range_Arc.prefab using Guid(d0b97e8a444362648804176c4601835a) Importer(815301076,1909f56bfc062723c751e8b465ee728b)  -> (artifact id: 'd44593a057597c63f3a0677b3d848213') in 0.017932 seconds 
  Import took 0.026205 seconds .

========================================================================
Received Import Request.
  Time since last request: 3.719563 seconds.
  path: Assets/Prefabs/Units/Aztecs/Atlatl.prefab
  artifactKey: Guid(bfd7fc0cd32b7a041b188f4668204139) Importer(815301076,1909f56bfc062723c751e8b465ee728b)
Start importing Assets/Prefabs/Units/Aztecs/Atlatl.prefab using Guid(bfd7fc0cd32b7a041b188f4668204139) Importer(815301076,1909f56bfc062723c751e8b465ee728b)  -> (artifact id: '83733b348b0c864bc18127698d7db1dd') in 0.364856 seconds 
  Import took 0.372615 seconds .

========================================================================
Received Import Request.
  Time since last request: 0.000295 seconds.
  path: Assets/Prefabs/Units/Aztecs/Warrior.prefab
  artifactKey: Guid(c20605e80594c724287953cd8c878d92) Importer(815301076,1909f56bfc062723c751e8b465ee728b)
Start importing Assets/Prefabs/Units/Aztecs/Warrior.prefab using Guid(c20605e80594c724287953cd8c878d92) Importer(815301076,1909f56bfc062723c751e8b465ee728b)  -> (artifact id: '8eae014e704fbab928eb6ee5df275a5c') in 0.162757 seconds 
  Import took 0.169364 seconds .

========================================================================
Received Import Request.
  Time since last request: 0.000296 seconds.
  path: Assets/Prefabs/Units/Aztecs/Tlamani_Sel.prefab
  artifactKey: Guid(351e1086625f31b41b2bbb44161689ab) Importer(815301076,1909f56bfc062723c751e8b465ee728b)
Start importing Assets/Prefabs/Units/Aztecs/Tlamani_Sel.prefab using Guid(351e1086625f31b41b2bbb44161689ab) Importer(815301076,1909f56bfc062723c751e8b465ee728b)  -> (artifact id: 'b639175b4bafbcd51a9d2aff2b63a71a') in 0.018774 seconds 
  Import took 0.025244 seconds .

========================================================================
Received Import Request.
  Time since last request: 0.000329 seconds.
  path: Assets/Prefabs/Units/Aztecs/Atlatl_Sel.prefab
  artifactKey: Guid(73e85923092025c48b5bfc34eda6d2c2) Importer(815301076,1909f56bfc062723c751e8b465ee728b)
Start importing Assets/Prefabs/Units/Aztecs/Atlatl_Sel.prefab using Guid(73e85923092025c48b5bfc34eda6d2c2) Importer(815301076,1909f56bfc062723c751e8b465ee728b)  -> (artifact id: '0c455d12d13d80b8c027541e60461788') in 0.013424 seconds 
  Import took 0.021444 seconds .

========================================================================
Received Import Request.
  Time since last request: 0.000227 seconds.
  path: Assets/Prefabs/Units/Aztecs/Warrior_Sel.prefab
  artifactKey: Guid(59c903b0cfeb51e4f8f1e7caddbf0723) Importer(815301076,1909f56bfc062723c751e8b465ee728b)
Start importing Assets/Prefabs/Units/Aztecs/Warrior_Sel.prefab using Guid(59c903b0cfeb51e4f8f1e7caddbf0723) Importer(815301076,1909f56bfc062723c751e8b465ee728b)  -> (artifact id: '0bd3338fda856946583e3341ac6ca844') in 0.010918 seconds 
  Import took 0.019210 seconds .

========================================================================
Received Import Request.
  Time since last request: 0.000272 seconds.
  path: Assets/Prefabs/Units/Aztecs/Tlamani.prefab
  artifactKey: Guid(06ff8d88cde7d1f4fa67f06a13f5b1e0) Importer(815301076,1909f56bfc062723c751e8b465ee728b)
Start importing Assets/Prefabs/Units/Aztecs/Tlamani.prefab using Guid(06ff8d88cde7d1f4fa67f06a13f5b1e0) Importer(815301076,1909f56bfc062723c751e8b465ee728b)  -> (artifact id: '9b2201e56779465fe477c38d4dcab366') in 0.194751 seconds 
  Import took 0.202338 seconds .

========================================================================
Received Import Request.
  Time since last request: 42.623834 seconds.
  path: Assets/Prefabs/Units/Aztecs/Atlatl.prefab
  artifactKey: Guid(bfd7fc0cd32b7a041b188f4668204139) Importer(815301076,1909f56bfc062723c751e8b465ee728b)
Start importing Assets/Prefabs/Units/Aztecs/Atlatl.prefab using Guid(bfd7fc0cd32b7a041b188f4668204139) Importer(815301076,1909f56bfc062723c751e8b465ee728b)  -> (artifact id: 'af2e34bfaab3df7ce35aa5c660a83946') in 0.088315 seconds 
  Import took 0.096902 seconds .

========================================================================
Received Import Request.
  Time since last request: 547.829058 seconds.
  path: Assets/Prefabs/Units/StatusHandler.prefab
  artifactKey: Guid(9cc537bb0aaa0cd4d90fbe4e3a5756f1) Importer(815301076,1909f56bfc062723c751e8b465ee728b)
Start importing Assets/Prefabs/Units/StatusHandler.prefab using Guid(9cc537bb0aaa0cd4d90fbe4e3a5756f1) Importer(815301076,1909f56bfc062723c751e8b465ee728b)  -> (artifact id: '0d806de0f36f775f042e4f71e5486760') in 0.019395 seconds 
  Import took 0.026681 seconds .

========================================================================
Received Import Request.
  Time since last request: 86.494332 seconds.
  path: Assets/Prefabs/Units/Aztecs/Atlatl.prefab
  artifactKey: Guid(bfd7fc0cd32b7a041b188f4668204139) Importer(815301076,1909f56bfc062723c751e8b465ee728b)
Start importing Assets/Prefabs/Units/Aztecs/Atlatl.prefab using Guid(bfd7fc0cd32b7a041b188f4668204139) Importer(815301076,1909f56bfc062723c751e8b465ee728b)  -> (artifact id: 'ddcc535b0b7615b55906bb0b6786643f') in 0.066830 seconds 
  Import took 0.075071 seconds .

========================================================================
Received Import Request.
  Time since last request: 94.879099 seconds.
  path: Assets/Prefabs/Units/Aztecs/Tlamani.prefab
  artifactKey: Guid(06ff8d88cde7d1f4fa67f06a13f5b1e0) Importer(815301076,1909f56bfc062723c751e8b465ee728b)
Start importing Assets/Prefabs/Units/Aztecs/Tlamani.prefab using Guid(06ff8d88cde7d1f4fa67f06a13f5b1e0) Importer(815301076,1909f56bfc062723c751e8b465ee728b)  -> (artifact id: '415ad31b94926fcedc9f92b22939d5b1') in 0.050280 seconds 
  Import took 0.058769 seconds .

========================================================================
Received Import Request.
  Time since last request: 5.892447 seconds.
  path: Assets/Prefabs/Units/Conquistadors/Arquebusier.prefab
  artifactKey: Guid(6e2020ec14f75e447951bc92dba43a50) Importer(815301076,1909f56bfc062723c751e8b465ee728b)
Start importing Assets/Prefabs/Units/Conquistadors/Arquebusier.prefab using Guid(6e2020ec14f75e447951bc92dba43a50) Importer(815301076,1909f56bfc062723c751e8b465ee728b)  -> (artifact id: '472e0f898c2fc1077f6dc2b4a9206d4b') in 0.201289 seconds 
  Import took 0.209342 seconds .

========================================================================
Received Import Request.
  Time since last request: 0.000279 seconds.
  path: Assets/Prefabs/Units/Conquistadors/Soldier.prefab
  artifactKey: Guid(d959966110f91314dbbb73252d01cf10) Importer(815301076,1909f56bfc062723c751e8b465ee728b)
Start importing Assets/Prefabs/Units/Conquistadors/Soldier.prefab using Guid(d959966110f91314dbbb73252d01cf10) Importer(815301076,1909f56bfc062723c751e8b465ee728b)  -> (artifact id: 'd626b848a64a30fa235f975201ce654c') in 0.176552 seconds 
  Import took 0.183993 seconds .

========================================================================
Received Import Request.
  Time since last request: 0.000286 seconds.
  path: Assets/Prefabs/Units/Conquistadors/Jinete.prefab
  artifactKey: Guid(66dda56ce26d2b641a912af065188dd2) Importer(815301076,1909f56bfc062723c751e8b465ee728b)
Start importing Assets/Prefabs/Units/Conquistadors/Jinete.prefab using Guid(66dda56ce26d2b641a912af065188dd2) Importer(815301076,1909f56bfc062723c751e8b465ee728b)  -> (artifact id: '302d39291300d219bc659e7eee184335') in 0.188407 seconds 
  Import took 0.196715 seconds .

========================================================================
Received Import Request.
  Time since last request: 3.483007 seconds.
  path: Assets/Prefabs/Units/Conquistadors/Arquebusier.prefab
  artifactKey: Guid(6e2020ec14f75e447951bc92dba43a50) Importer(815301076,1909f56bfc062723c751e8b465ee728b)
Start importing Assets/Prefabs/Units/Conquistadors/Arquebusier.prefab using Guid(6e2020ec14f75e447951bc92dba43a50) Importer(815301076,1909f56bfc062723c751e8b465ee728b)  -> (artifact id: 'dfe4324dc9a1c002d3d569cca790266e') in 0.053879 seconds 
  Import took 0.062597 seconds .

========================================================================
Received Import Request.
  Time since last request: 6.369560 seconds.
  path: Assets/Prefabs/Units/Conquistadors/Jinete.prefab
  artifactKey: Guid(66dda56ce26d2b641a912af065188dd2) Importer(815301076,1909f56bfc062723c751e8b465ee728b)
Start importing Assets/Prefabs/Units/Conquistadors/Jinete.prefab using Guid(66dda56ce26d2b641a912af065188dd2) Importer(815301076,1909f56bfc062723c751e8b465ee728b)  -> (artifact id: '5df260873715b8caf3e81dd4c6956185') in 0.059282 seconds 
  Import took 0.068820 seconds .

========================================================================
Received Import Request.
  Time since last request: 3.818830 seconds.
  path: Assets/Prefabs/Units/Conquistadors/Soldier.prefab
  artifactKey: Guid(d959966110f91314dbbb73252d01cf10) Importer(815301076,1909f56bfc062723c751e8b465ee728b)
Start importing Assets/Prefabs/Units/Conquistadors/Soldier.prefab using Guid(d959966110f91314dbbb73252d01cf10) Importer(815301076,1909f56bfc062723c751e8b465ee728b)  -> (artifact id: 'a6d10c116a61a3770263bd732624b323') in 0.063726 seconds 
  Import took 0.073041 seconds .

========================================================================
Received Import Request.
  Time since last request: 425.376508 seconds.
  path: Assets/Prefabs/UI/UI_Mission.prefab
  artifactKey: Guid(1bd5f82606aa13f4f8e2e3a0c49c902d) Importer(815301076,1909f56bfc062723c751e8b465ee728b)
Start importing Assets/Prefabs/UI/UI_Mission.prefab using Guid(1bd5f82606aa13f4f8e2e3a0c49c902d) Importer(815301076,1909f56bfc062723c751e8b465ee728b)  -> (artifact id: 'a176e299576a77dff5f781cf5bf9b724') in 0.227270 seconds 
  Import took 0.234787 seconds .

========================================================================
Received Import Request.
  Time since last request: 0.278936 seconds.
  path: Assets/Prefabs/Player/Cursor.prefab
  artifactKey: Guid(e24f8baabc24f534e9d818ec889b3a77) Importer(815301076,1909f56bfc062723c751e8b465ee728b)
Start importing Assets/Prefabs/Player/Cursor.prefab using Guid(e24f8baabc24f534e9d818ec889b3a77) Importer(815301076,1909f56bfc062723c751e8b465ee728b)  -> (artifact id: '11543bf7cf968023ea784375ac3caf40') in 0.102517 seconds 
  Import took 0.109610 seconds .

========================================================================
Received Import Request.
  Time since last request: 0.000260 seconds.
  path: Assets/Prefabs/Player/CursorPanel.prefab
  artifactKey: Guid(72314c955a42ce3478f54c18550bfc5b) Importer(815301076,1909f56bfc062723c751e8b465ee728b)
Start importing Assets/Prefabs/Player/CursorPanel.prefab using Guid(72314c955a42ce3478f54c18550bfc5b) Importer(815301076,1909f56bfc062723c751e8b465ee728b)  -> (artifact id: 'd8a4f23db9b361cae26a86a8d4859ba7') in 0.035083 seconds 
  Import took 0.041469 seconds .

========================================================================
Received Import Request.
  Time since last request: 0.000348 seconds.
  path: Assets/Prefabs/Player/PlayerInput.prefab
  artifactKey: Guid(65d987a7223c32f4f9481fa6550bd629) Importer(815301076,1909f56bfc062723c751e8b465ee728b)
Start importing Assets/Prefabs/Player/PlayerInput.prefab using Guid(65d987a7223c32f4f9481fa6550bd629) Importer(815301076,1909f56bfc062723c751e8b465ee728b)  -> (artifact id: 'f65e869d46e57e6c7276add12f4de186') in 0.034143 seconds 
  Import took 0.041271 seconds .

========================================================================
Received Import Request.
  Time since last request: 27.499740 seconds.
  path: Assets/Art/Animations/Character/Player/Aztecs/Tlamani - SideSelection/A_T_Idle_Right_Sel.anim
  artifactKey: Guid(eaad7a94670dd7e45b163e6fd6f2414e) Importer(815301076,1909f56bfc062723c751e8b465ee728b)
Start importing Assets/Art/Animations/Character/Player/Aztecs/Tlamani - SideSelection/A_T_Idle_Right_Sel.anim using Guid(eaad7a94670dd7e45b163e6fd6f2414e) Importer(815301076,1909f56bfc062723c751e8b465ee728b)  -> (artifact id: '8ae185c2deea93aede394f9e39b09b34') in 0.016286 seconds 
  Import took 0.022757 seconds .

========================================================================
Received Import Request.
  Time since last request: 18.732540 seconds.
  path: Assets/Art/Animations/Character/Player/Aztecs/Tlamani - SideSelection/A_T_Idle_Left.anim
  artifactKey: Guid(4f7cea38e66119a42aeb46eeae556eb0) Importer(815301076,1909f56bfc062723c751e8b465ee728b)
Start importing Assets/Art/Animations/Character/Player/Aztecs/Tlamani - SideSelection/A_T_Idle_Left.anim using Guid(4f7cea38e66119a42aeb46eeae556eb0) Importer(815301076,1909f56bfc062723c751e8b465ee728b)  -> (artifact id: 'f1d16cd95ea62ca86aceae989d728a71') in 0.011151 seconds 
  Import took 0.018717 seconds .

========================================================================
Received Import Request.
  Time since last request: 1304772.121606 seconds.
  path: Assets/Art/Animations/Cursor/Cursor.controller
  artifactKey: Guid(61b7049274c2549428bd13b800c00ebb) Importer(815301076,1909f56bfc062723c751e8b465ee728b)
Start importing Assets/Art/Animations/Cursor/Cursor.controller using Guid(61b7049274c2549428bd13b800c00ebb) Importer(815301076,1909f56bfc062723c751e8b465ee728b)  -> (artifact id: 'a76a2184498c94427d97306a48178618') in 0.197313 seconds 
  Import took 0.709882 seconds .

AssetImportWorkerClient::OnTransportError - code=2 error=End of file
