Using pre-set license
Built from '2021.3/staging' branch; Version is '2021.3.24f1 (cf10dcf7010d) revision 13570268'; Using compiler version '192829333'; Build Type 'Release'
OS: 'Windows 11  (10.0.22621) 64bit Core' Language: 'en' Physical Memory: 32710 MB
BatchMode: 1, IsHumanControllingUs: 0, StartBugReporterOnCrash: 0, Is64bit: 1, IsPro: 1

COMMAND LINE ARGUMENTS:
C:\Program Files\Unity\Hub\Editor\2021.3.24f1\Editor\Unity.exe
-adb2
-batchMode
-noUpm
-name
AssetImportWorker4
-projectPath
A:/Development/Unity Projects/TrialGame/Trial Game
-logFile
Logs/AssetImportWorker4.log
-srvPort
50527
Successfully changed project path to: A:/Development/Unity Projects/TrialGame/Trial Game
A:/Development/Unity Projects/TrialGame/Trial Game
[UnityMemory] Configuration Parameters - Can be set up in boot.config
    "memorysetup-bucket-allocator-granularity=16"
    "memorysetup-bucket-allocator-bucket-count=8"
    "memorysetup-bucket-allocator-block-size=33554432"
    "memorysetup-bucket-allocator-block-count=8"
    "memorysetup-main-allocator-block-size=16777216"
    "memorysetup-thread-allocator-block-size=16777216"
    "memorysetup-gfx-main-allocator-block-size=16777216"
    "memorysetup-gfx-thread-allocator-block-size=16777216"
    "memorysetup-cache-allocator-block-size=4194304"
    "memorysetup-typetree-allocator-block-size=2097152"
    "memorysetup-profiler-bucket-allocator-granularity=16"
    "memorysetup-profiler-bucket-allocator-bucket-count=8"
    "memorysetup-profiler-bucket-allocator-block-size=33554432"
    "memorysetup-profiler-bucket-allocator-block-count=8"
    "memorysetup-profiler-allocator-block-size=16777216"
    "memorysetup-profiler-editor-allocator-block-size=1048576"
    "memorysetup-temp-allocator-size-main=16777216"
    "memorysetup-job-temp-allocator-block-size=2097152"
    "memorysetup-job-temp-allocator-block-size-background=1048576"
    "memorysetup-job-temp-allocator-reduction-small-platforms=262144"
    "memorysetup-temp-allocator-size-background-worker=32768"
    "memorysetup-temp-allocator-size-job-worker=262144"
    "memorysetup-temp-allocator-size-preload-manager=33554432"
    "memorysetup-temp-allocator-size-nav-mesh-worker=65536"
    "memorysetup-temp-allocator-size-audio-worker=65536"
    "memorysetup-temp-allocator-size-cloud-worker=32768"
    "memorysetup-temp-allocator-size-gi-baking-worker=262144"
    "memorysetup-temp-allocator-size-gfx=262144"
Player connection [31040] Host "[IP] 10.0.0.14 [Port] 0 [Flags] 2 [Guid] 397265169 [EditorId] 397265169 [Version] 1048832 [Id] WindowsEditor(7,Edgar-i7-Ti-PC) [Debug] 1 [PackageName] WindowsEditor [ProjectName] Editor" joined multi-casting on [225.0.0.222:54997]...

Player connection [31040] Host "[IP] 10.0.0.14 [Port] 0 [Flags] 2 [Guid] 397265169 [EditorId] 397265169 [Version] 1048832 [Id] WindowsEditor(7,Edgar-i7-Ti-PC) [Debug] 1 [PackageName] WindowsEditor [ProjectName] Editor" joined alternative multi-casting on [225.0.0.222:34997]...

Refreshing native plugins compatible for Editor in 207.11 ms, found 5 plugins.
Preloading 0 native plugins for Editor in 0.00 ms.
Initialize engine version: 2021.3.24f1 (cf10dcf7010d)
[Subsystems] Discovering subsystems at path C:/Program Files/Unity/Hub/Editor/2021.3.24f1/Editor/Data/Resources/UnitySubsystems
[Subsystems] Discovering subsystems at path A:/Development/Unity Projects/TrialGame/Trial Game/Assets
GfxDevice: creating device client; threaded=0; jobified=0
Direct3D:
    Version:  Direct3D 11.0 [level 11.1]
    Renderer: NVIDIA GeForce RTX 3080 Ti (ID=0x2208)
    Vendor:   NVIDIA
    VRAM:     12100 MB
    Driver:   31.0.15.3168
Initialize mono
Mono path[0] = 'C:/Program Files/Unity/Hub/Editor/2021.3.24f1/Editor/Data/Managed'
Mono path[1] = 'C:/Program Files/Unity/Hub/Editor/2021.3.24f1/Editor/Data/MonoBleedingEdge/lib/mono/unityjit-win32'
Mono config path = 'C:/Program Files/Unity/Hub/Editor/2021.3.24f1/Editor/Data/MonoBleedingEdge/etc'
Using monoOptions --debugger-agent=transport=dt_socket,embedding=1,server=y,suspend=n,address=127.0.0.1:56036
Begin MonoManager ReloadAssembly
Registering precompiled unity dll's ...
Register platform support module: C:/Program Files/Unity/Hub/Editor/2021.3.24f1/Editor/Data/PlaybackEngines/WebGLSupport/UnityEditor.WebGL.Extensions.dll
Register platform support module: C:/Program Files/Unity/Hub/Editor/2021.3.24f1/Editor/Data/PlaybackEngines/WindowsStandaloneSupport/UnityEditor.WindowsStandalone.Extensions.dll
Registered in 0.006011 seconds.
Native extension for WindowsStandalone target not found
Native extension for WebGL target not found
Refreshing native plugins compatible for Editor in 127.44 ms, found 5 plugins.
Preloading 0 native plugins for Editor in 0.00 ms.
Mono: successfully reloaded assembly
- Completed reload, in  0.673 seconds
Domain Reload Profiling:
	ReloadAssembly (673ms)
		BeginReloadAssembly (83ms)
			ExecutionOrderSort (0ms)
			DisableScriptedObjects (0ms)
			BackupInstance (0ms)
			ReleaseScriptingObjects (0ms)
			CreateAndSetChildDomain (1ms)
		EndReloadAssembly (494ms)
			LoadAssemblies (81ms)
			RebuildTransferFunctionScriptingTraits (0ms)
			SetupTypeCache (105ms)
			ReleaseScriptCaches (0ms)
			RebuildScriptCaches (26ms)
			SetupLoadedEditorAssemblies (314ms)
				LogAssemblyErrors (0ms)
				InitializePlatformSupportModulesInManaged (8ms)
				SetLoadedEditorAssemblies (0ms)
				RefreshPlugins (128ms)
				BeforeProcessingInitializeOnLoad (1ms)
				ProcessInitializeOnLoadAttributes (132ms)
				ProcessInitializeOnLoadMethodAttributes (44ms)
				AfterProcessingInitializeOnLoad (0ms)
				EditorAssembliesLoaded (0ms)
			ExecutionOrderSort2 (0ms)
			AwakeInstancesAfterBackupRestoration (0ms)
Platform modules already initialized, skipping
Registering precompiled user dll's ...
Registered in 0.006853 seconds.
Begin MonoManager ReloadAssembly
Symbol file LoadedFromMemory doesn't match image A:\Development\Unity Projects\TrialGame\Trial Game\Library\PackageCache\com.unity.visualscripting@1.8.0\Editor\VisualScripting.Core\Dependencies\YamlDotNet\Unity.VisualScripting.YamlDotNet.dll
Symbol file LoadedFromMemory doesn't match image A:\Development\Unity Projects\TrialGame\Trial Game\Library\PackageCache\com.unity.visualscripting@1.8.0\Editor\VisualScripting.Core\Dependencies\DotNetZip\Unity.VisualScripting.IonicZip.dll
Native extension for WindowsStandalone target not found
Native extension for WebGL target not found
Refreshing native plugins compatible for Editor in 136.29 ms, found 5 plugins.
Preloading 0 native plugins for Editor in 0.00 ms.
Mono: successfully reloaded assembly
- Completed reload, in  1.524 seconds
Domain Reload Profiling:
	ReloadAssembly (1524ms)
		BeginReloadAssembly (110ms)
			ExecutionOrderSort (0ms)
			DisableScriptedObjects (5ms)
			BackupInstance (0ms)
			ReleaseScriptingObjects (0ms)
			CreateAndSetChildDomain (18ms)
		EndReloadAssembly (1314ms)
			LoadAssemblies (89ms)
			RebuildTransferFunctionScriptingTraits (0ms)
			SetupTypeCache (331ms)
			ReleaseScriptCaches (1ms)
			RebuildScriptCaches (133ms)
			SetupLoadedEditorAssemblies (694ms)
				LogAssemblyErrors (0ms)
				InitializePlatformSupportModulesInManaged (5ms)
				SetLoadedEditorAssemblies (0ms)
				RefreshPlugins (136ms)
				BeforeProcessingInitializeOnLoad (108ms)
				ProcessInitializeOnLoadAttributes (357ms)
				ProcessInitializeOnLoadMethodAttributes (78ms)
				AfterProcessingInitializeOnLoad (8ms)
				EditorAssembliesLoaded (0ms)
			ExecutionOrderSort2 (0ms)
			AwakeInstancesAfterBackupRestoration (6ms)
Platform modules already initialized, skipping
========================================================================
Worker process is ready to serve import requests
Launched and connected shader compiler UnityShaderCompiler.exe after 0.04 seconds
Refreshing native plugins compatible for Editor in 1.05 ms, found 5 plugins.
Preloading 0 native plugins for Editor in 0.00 ms.
Unloading 5756 Unused Serialized files (Serialized files now loaded: 0)
Unloading 62 unused Assets / (501.9 KB). Loaded Objects now: 6205.
Memory consumption went from 228.6 MB to 228.1 MB.
Total: 3.546700 ms (FindLiveObjects: 0.355200 ms CreateObjectMapping: 0.360800 ms MarkObjects: 2.612800 ms  DeleteObjects: 0.217200 ms)

AssetImportParameters requested are different than current active one (requested -> active):
  custom:video-decoder-ogg-theora: a1e56fd34408186e4bbccfd4996cb3dc -> 
  custom:container-muxer-webm: aa71ff27fc2769a1b78a27578f13a17b -> 
  custom:container-demuxer-webm: 4f35f7cbe854078d1ac9338744f61a02 -> 
  custom:video-encoder-webm-vp8: eb34c28f22e8b96e1ab97ce403110664 -> 
  custom:video-codec-MediaFoundation-h265: 746d11721c4dcdbdad8f713fa42b33f4 -> 
  custom:audio-encoder-webm-vorbis: bf7c407c2cedff20999df2af8eb42d56 -> 
  custom:framework-win-MediaFoundation: 216162199b28c13a410421893ffa2e32 -> 
  custom:container-demuxer-ogg: 62fdf1f143b41e24485cea50d1cbac27 -> 
  custom:video-decoder-webm-vp8: 9c59270c3fd7afecdb556c50c9e8de78 -> 
  custom:audio-decoder-ogg-vorbis: bf7c407c2cedff20999df2af8eb42d56 -> 
========================================================================
Received Import Request.
  Time since last request: 34875.994235 seconds.
  path: Assets/Prefabs/Units/Conquistadors/Jinete.prefab
  artifactKey: Guid(66dda56ce26d2b641a912af065188dd2) Importer(815301076,1909f56bfc062723c751e8b465ee728b)
Start importing Assets/Prefabs/Units/Conquistadors/Jinete.prefab using Guid(66dda56ce26d2b641a912af065188dd2) Importer(815301076,1909f56bfc062723c751e8b465ee728b)  -> (artifact id: '78acc59b6effaa98f315fa0c259fd4a5') in 0.276780 seconds 
========================================================================
Received Import Request.
  Time since last request: 16.871970 seconds.
  path: Assets/Prefabs/Units/Conquistadors/Soldier.prefab
  artifactKey: Guid(d959966110f91314dbbb73252d01cf10) Importer(815301076,1909f56bfc062723c751e8b465ee728b)
Start importing Assets/Prefabs/Units/Conquistadors/Soldier.prefab using Guid(d959966110f91314dbbb73252d01cf10) Importer(815301076,1909f56bfc062723c751e8b465ee728b)  -> (artifact id: '49ea666295b20f5e2f5df593a465ccb7') in 0.128405 seconds 
========================================================================
Received Import Request.
  Time since last request: 8.607500 seconds.
  path: Assets/Prefabs/Units/Conquistadors/Arquebusier.prefab
  artifactKey: Guid(6e2020ec14f75e447951bc92dba43a50) Importer(815301076,1909f56bfc062723c751e8b465ee728b)
Start importing Assets/Prefabs/Units/Conquistadors/Arquebusier.prefab using Guid(6e2020ec14f75e447951bc92dba43a50) Importer(815301076,1909f56bfc062723c751e8b465ee728b)  -> (artifact id: '722556f9de520be1ec68faa8350c68df') in 0.108672 seconds 
========================================================================
Received Import Request.
  Time since last request: 10.236012 seconds.
  path: Assets/Prefabs/Units/Aztecs/Atlatl.prefab
  artifactKey: Guid(bfd7fc0cd32b7a041b188f4668204139) Importer(815301076,1909f56bfc062723c751e8b465ee728b)
Start importing Assets/Prefabs/Units/Aztecs/Atlatl.prefab using Guid(bfd7fc0cd32b7a041b188f4668204139) Importer(815301076,1909f56bfc062723c751e8b465ee728b)  -> (artifact id: '74760d2db0211df2883df400bb9580ee') in 0.091643 seconds 
========================================================================
Received Import Request.
  Time since last request: 6.784228 seconds.
  path: Assets/Prefabs/Units/Aztecs/Tlamani.prefab
  artifactKey: Guid(06ff8d88cde7d1f4fa67f06a13f5b1e0) Importer(815301076,1909f56bfc062723c751e8b465ee728b)
Start importing Assets/Prefabs/Units/Aztecs/Tlamani.prefab using Guid(06ff8d88cde7d1f4fa67f06a13f5b1e0) Importer(815301076,1909f56bfc062723c751e8b465ee728b)  -> (artifact id: '107762b5e21003c77ba650720a1e7b76') in 0.102466 seconds 
========================================================================
Received Import Request.
  Time since last request: 10.075498 seconds.
  path: Assets/Prefabs/Units/Aztecs/Warrior.prefab
  artifactKey: Guid(c20605e80594c724287953cd8c878d92) Importer(815301076,1909f56bfc062723c751e8b465ee728b)
Start importing Assets/Prefabs/Units/Aztecs/Warrior.prefab using Guid(c20605e80594c724287953cd8c878d92) Importer(815301076,1909f56bfc062723c751e8b465ee728b)  -> (artifact id: '91526bbb484b6aeee6f844ff38600d15') in 0.099929 seconds 
========================================================================
Received Import Request.
  Time since last request: 3143.881281 seconds.
  path: Assets/Art/Sprites/Characters/Horse.png
  artifactKey: Guid(4b13958b71a0ce34db1b2f83f3e2aebf) Importer(815301076,1909f56bfc062723c751e8b465ee728b)
Start importing Assets/Art/Sprites/Characters/Horse.png using Guid(4b13958b71a0ce34db1b2f83f3e2aebf) Importer(815301076,1909f56bfc062723c751e8b465ee728b)  -> (artifact id: '1cd49831b098a48e84cc7655af37ff81') in 0.182618 seconds 
========================================================================
Received Import Request.
  Time since last request: 0.000023 seconds.
  path: Assets/Art/Sprites/Characters/Aztecs/Atlatl/Projectile.png
  artifactKey: Guid(2ff8b29a610e6464fb058db6d03bdb7b) Importer(815301076,1909f56bfc062723c751e8b465ee728b)
Start importing Assets/Art/Sprites/Characters/Aztecs/Atlatl/Projectile.png using Guid(2ff8b29a610e6464fb058db6d03bdb7b) Importer(815301076,1909f56bfc062723c751e8b465ee728b)  -> (artifact id: 'b8fc2ea6da15a3b2c7db521d3f18d79d') in 0.033935 seconds 
========================================================================
Received Import Request.
  Time since last request: 0.000029 seconds.
  path: Assets/Art/Sprites/MoveGrid/Path_Curve_H.png
  artifactKey: Guid(586de8def2345da4b90d23683e573b4d) Importer(815301076,1909f56bfc062723c751e8b465ee728b)
Start importing Assets/Art/Sprites/MoveGrid/Path_Curve_H.png using Guid(586de8def2345da4b90d23683e573b4d) Importer(815301076,1909f56bfc062723c751e8b465ee728b)  -> (artifact id: '4193e4df4a4556837000eb52fd127b34') in 0.022586 seconds 
========================================================================
Received Import Request.
  Time since last request: 0.000018 seconds.
  path: Assets/Art/Sprites/MoveGrid/Path_Head_Right.png
  artifactKey: Guid(193808b873aa68040bc9d0a61c3f3cd5) Importer(815301076,1909f56bfc062723c751e8b465ee728b)
Start importing Assets/Art/Sprites/MoveGrid/Path_Head_Right.png using Guid(193808b873aa68040bc9d0a61c3f3cd5) Importer(815301076,1909f56bfc062723c751e8b465ee728b)  -> (artifact id: '30ecc20e88a6b8dff8a09c38a0934d00') in 0.018846 seconds 
========================================================================
Received Import Request.
  Time since last request: 0.000017 seconds.
  path: Assets/Art/Sprites/MoveGrid/Path_Straight_H.png
  artifactKey: Guid(96f7fbd7676cc8643b90cf01ece7f746) Importer(815301076,1909f56bfc062723c751e8b465ee728b)
Start importing Assets/Art/Sprites/MoveGrid/Path_Straight_H.png using Guid(96f7fbd7676cc8643b90cf01ece7f746) Importer(815301076,1909f56bfc062723c751e8b465ee728b)  -> (artifact id: 'c7747ebd80494ec2d830508600cb4d54') in 0.020920 seconds 
========================================================================
Received Import Request.
  Time since last request: 0.000020 seconds.
  path: Assets/Art/Tutorial Images/Minimap.png
  artifactKey: Guid(e20320ed165539140902fd34449d2654) Importer(815301076,1909f56bfc062723c751e8b465ee728b)
Start importing Assets/Art/Tutorial Images/Minimap.png using Guid(e20320ed165539140902fd34449d2654) Importer(815301076,1909f56bfc062723c751e8b465ee728b)  -> (artifact id: '73309707bb9401f738b4fe9c9a5c8109') in 0.078577 seconds 
========================================================================
Received Import Request.
  Time since last request: 0.000017 seconds.
  path: Assets/Art/Sprites/Environmnent/Mushrooms.png
  artifactKey: Guid(6acbda5bb54c19b4eb60c2674048dac2) Importer(815301076,1909f56bfc062723c751e8b465ee728b)
Start importing Assets/Art/Sprites/Environmnent/Mushrooms.png using Guid(6acbda5bb54c19b4eb60c2674048dac2) Importer(815301076,1909f56bfc062723c751e8b465ee728b)  -> (artifact id: '4cfe7863d730ec52124b9ae75d09ed75') in 0.022620 seconds 
========================================================================
Received Import Request.
  Time since last request: 0.000026 seconds.
  path: Assets/Art/Sprites/Characters/RubySheet.png
  artifactKey: Guid(c1dbff5bcb29cdd4bbb8de3a29f2328c) Importer(815301076,1909f56bfc062723c751e8b465ee728b)
Start importing Assets/Art/Sprites/Characters/RubySheet.png using Guid(c1dbff5bcb29cdd4bbb8de3a29f2328c) Importer(815301076,1909f56bfc062723c751e8b465ee728b)  -> (artifact id: '22aa6586c66fe556b11b592bc44cf3df') in 0.091315 seconds 
========================================================================
Received Import Request.
  Time since last request: 0.000024 seconds.
  path: Assets/Art/Sprites/MoveGrid/Path_Head_H.png
  artifactKey: Guid(2540d1d8ddea9f047932e69cb341eb23) Importer(815301076,1909f56bfc062723c751e8b465ee728b)
Start importing Assets/Art/Sprites/MoveGrid/Path_Head_H.png using Guid(2540d1d8ddea9f047932e69cb341eb23) Importer(815301076,1909f56bfc062723c751e8b465ee728b)  -> (artifact id: '40b8f7eb30278044149c095966416872') in 0.021659 seconds 
========================================================================
Received Import Request.
  Time since last request: 0.000037 seconds.
  path: Assets/Art/Tutorial Images/MoveAttack.png
  artifactKey: Guid(06017b8b82931bf4cb8bb1f7a2118009) Importer(815301076,1909f56bfc062723c751e8b465ee728b)
Start importing Assets/Art/Tutorial Images/MoveAttack.png using Guid(06017b8b82931bf4cb8bb1f7a2118009) Importer(815301076,1909f56bfc062723c751e8b465ee728b)  -> (artifact id: 'fafe2ff7cd6b9de54b8766f2179bd1fe') in 0.065580 seconds 
========================================================================
Received Import Request.
  Time since last request: 0.000017 seconds.
  path: Assets/Art/Sprites/Characters/Aztecs/Atlatl/Projectile_E.png
  artifactKey: Guid(0a27394095627164384c8550e4801c7e) Importer(815301076,1909f56bfc062723c751e8b465ee728b)
Start importing Assets/Art/Sprites/Characters/Aztecs/Atlatl/Projectile_E.png using Guid(0a27394095627164384c8550e4801c7e) Importer(815301076,1909f56bfc062723c751e8b465ee728b)  -> (artifact id: 'fff288351882f4287ceb84bfcd74b9f9') in 0.023323 seconds 
========================================================================
Received Import Request.
  Time since last request: 0.000021 seconds.
  path: Assets/Art/Tutorial Images/NextUnit.png
  artifactKey: Guid(ccad9ca8f785c2344953b399c1d6ccab) Importer(815301076,1909f56bfc062723c751e8b465ee728b)
Start importing Assets/Art/Tutorial Images/NextUnit.png using Guid(ccad9ca8f785c2344953b399c1d6ccab) Importer(815301076,1909f56bfc062723c751e8b465ee728b)  -> (artifact id: '1f37caa401266f6a8ad9d0155873ee19') in 0.081213 seconds 
========================================================================
Received Import Request.
  Time since last request: 0.000016 seconds.
  path: Assets/Art/Tutorial Images/Menu.png
  artifactKey: Guid(47e6ae126f28f3d44928e18dd479c0b0) Importer(815301076,1909f56bfc062723c751e8b465ee728b)
Start importing Assets/Art/Tutorial Images/Menu.png using Guid(47e6ae126f28f3d44928e18dd479c0b0) Importer(815301076,1909f56bfc062723c751e8b465ee728b)  -> (artifact id: 'ce5b1ec227d132b0afd2c6043b109507') in 0.060689 seconds 
========================================================================
Received Import Request.
  Time since last request: 0.000019 seconds.
  path: Assets/Art/Sprites/VFX/ParticleSpriteAtlas.png
  artifactKey: Guid(bb5bb2f184426a64cac53faa220820f5) Importer(815301076,1909f56bfc062723c751e8b465ee728b)
Start importing Assets/Art/Sprites/VFX/ParticleSpriteAtlas.png using Guid(bb5bb2f184426a64cac53faa220820f5) Importer(815301076,1909f56bfc062723c751e8b465ee728b)  -> (artifact id: '395bbe66066d07fa5f346db4f7705d77') in 0.034950 seconds 
========================================================================
Received Import Request.
  Time since last request: 0.000024 seconds.
  path: Assets/Art/Sprites/Characters/Aztecs/Tlamani/Side/Idle.png
  artifactKey: Guid(2aba84308154ad04ca22fc724dcb1529) Importer(815301076,1909f56bfc062723c751e8b465ee728b)
Start importing Assets/Art/Sprites/Characters/Aztecs/Tlamani/Side/Idle.png using Guid(2aba84308154ad04ca22fc724dcb1529) Importer(815301076,1909f56bfc062723c751e8b465ee728b)  -> (artifact id: '1a26dd494c6f8c74515a575979fa8a43') in 0.192073 seconds 
========================================================================
Received Import Request.
  Time since last request: 0.000022 seconds.
  path: Assets/Art/Sprites/MoveGrid/Path_Straight.png
  artifactKey: Guid(df487900009c325449a30cb7a9406f61) Importer(815301076,1909f56bfc062723c751e8b465ee728b)
Start importing Assets/Art/Sprites/MoveGrid/Path_Straight.png using Guid(df487900009c325449a30cb7a9406f61) Importer(815301076,1909f56bfc062723c751e8b465ee728b)  -> (artifact id: '4dc0ad22ad95032360f68eaac3058862') in 0.028084 seconds 
========================================================================
Received Import Request.
  Time since last request: 0.000034 seconds.
  path: Assets/Art/Sprites/MoveGrid/Path_Curve.png
  artifactKey: Guid(3b67084ccb4fb6b48882307bf9d8c74f) Importer(815301076,1909f56bfc062723c751e8b465ee728b)
Start importing Assets/Art/Sprites/MoveGrid/Path_Curve.png using Guid(3b67084ccb4fb6b48882307bf9d8c74f) Importer(815301076,1909f56bfc062723c751e8b465ee728b)  -> (artifact id: 'cc2a92e4e25c3f51fb05e927e1641072') in 0.032258 seconds 
========================================================================
Received Import Request.
  Time since last request: 0.000032 seconds.
  path: Assets/Art/Sprites/Environmnent/LotusFlower.png
  artifactKey: Guid(010b5c856073f70428956b10534fd3a6) Importer(815301076,1909f56bfc062723c751e8b465ee728b)
Start importing Assets/Art/Sprites/Environmnent/LotusFlower.png using Guid(010b5c856073f70428956b10534fd3a6) Importer(815301076,1909f56bfc062723c751e8b465ee728b)  -> (artifact id: '3e1c9f93a983cb596185032fffcc287f') in 0.027737 seconds 
========================================================================
Received Import Request.
  Time since last request: 0.000020 seconds.
  path: Assets/Art/Sprites/Characters/Conquistadors/Jinete/Side/Mounted-Selected-Ready.png
  artifactKey: Guid(fc5d425f5935690479dc4fc65d89b382) Importer(815301076,1909f56bfc062723c751e8b465ee728b)
Start importing Assets/Art/Sprites/Characters/Conquistadors/Jinete/Side/Mounted-Selected-Ready.png using Guid(fc5d425f5935690479dc4fc65d89b382) Importer(815301076,1909f56bfc062723c751e8b465ee728b)  -> (artifact id: 'a47c974009aadda1f7f7adbdfa56e22d') in 0.084814 seconds 
========================================================================
Received Import Request.
  Time since last request: 0.000024 seconds.
  path: Assets/Art/Sprites/MoveGrid/Path_Start_H.png
  artifactKey: Guid(622e00f03b071334dbacca97534315aa) Importer(815301076,1909f56bfc062723c751e8b465ee728b)
Start importing Assets/Art/Sprites/MoveGrid/Path_Start_H.png using Guid(622e00f03b071334dbacca97534315aa) Importer(815301076,1909f56bfc062723c751e8b465ee728b)  -> (artifact id: '4397dcb6d425fca8239d35603f8b8043') in 0.024735 seconds 
========================================================================
Received Import Request.
  Time since last request: 0.000029 seconds.
  path: Assets/Art/Sprites/Environmnent/MetalCube.png
  artifactKey: Guid(b9244d299d06eea4fa3e8b8b6da46af5) Importer(815301076,1909f56bfc062723c751e8b465ee728b)
Start importing Assets/Art/Sprites/Environmnent/MetalCube.png using Guid(b9244d299d06eea4fa3e8b8b6da46af5) Importer(815301076,1909f56bfc062723c751e8b465ee728b)  -> (artifact id: '01f9c90a3c51b84e5e11230bdce869d2') in 0.023518 seconds 
========================================================================
Received Import Request.
  Time since last request: 0.000036 seconds.
  path: Assets/Art/Sprites/MoveGrid/Path_Head_Down.png
  artifactKey: Guid(201d27963efc93849b678fcc766ef7e4) Importer(815301076,1909f56bfc062723c751e8b465ee728b)
Start importing Assets/Art/Sprites/MoveGrid/Path_Head_Down.png using Guid(201d27963efc93849b678fcc766ef7e4) Importer(815301076,1909f56bfc062723c751e8b465ee728b)  -> (artifact id: '041b5c990abd93ec08340e80d9ba0eec') in 0.032729 seconds 
========================================================================
Received Import Request.
  Time since last request: 48.212673 seconds.
  path: Assets/Prefabs/Units/Aztecs/Atlatl_Sel.prefab
  artifactKey: Guid(73e85923092025c48b5bfc34eda6d2c2) Importer(815301076,1909f56bfc062723c751e8b465ee728b)
Start importing Assets/Prefabs/Units/Aztecs/Atlatl_Sel.prefab using Guid(73e85923092025c48b5bfc34eda6d2c2) Importer(815301076,1909f56bfc062723c751e8b465ee728b)  -> (artifact id: '123d751a973ca80ec4ebaa36ca303848') in 0.007795 seconds 
========================================================================
Received Prepare
Registering precompiled user dll's ...
Registered in 0.006326 seconds.
Begin MonoManager ReloadAssembly
Symbol file LoadedFromMemory doesn't match image A:\Development\Unity Projects\TrialGame\Trial Game\Library\PackageCache\com.unity.visualscripting@1.8.0\Editor\VisualScripting.Core\Dependencies\YamlDotNet\Unity.VisualScripting.YamlDotNet.dll
Symbol file LoadedFromMemory doesn't match image A:\Development\Unity Projects\TrialGame\Trial Game\Library\PackageCache\com.unity.visualscripting@1.8.0\Editor\VisualScripting.Core\Dependencies\DotNetZip\Unity.VisualScripting.IonicZip.dll
Native extension for WindowsStandalone target not found
Native extension for WebGL target not found
Refreshing native plugins compatible for Editor in 1.22 ms, found 5 plugins.
Preloading 0 native plugins for Editor in 0.00 ms.
Mono: successfully reloaded assembly
- Completed reload, in  1.248 seconds
Domain Reload Profiling:
	ReloadAssembly (1248ms)
		BeginReloadAssembly (142ms)
			ExecutionOrderSort (0ms)
			DisableScriptedObjects (9ms)
			BackupInstance (0ms)
			ReleaseScriptingObjects (0ms)
			CreateAndSetChildDomain (42ms)
		EndReloadAssembly (1006ms)
			LoadAssemblies (90ms)
			RebuildTransferFunctionScriptingTraits (0ms)
			SetupTypeCache (305ms)
			ReleaseScriptCaches (1ms)
			RebuildScriptCaches (54ms)
			SetupLoadedEditorAssemblies (517ms)
				LogAssemblyErrors (0ms)
				InitializePlatformSupportModulesInManaged (6ms)
				SetLoadedEditorAssemblies (0ms)
				RefreshPlugins (1ms)
				BeforeProcessingInitializeOnLoad (82ms)
				ProcessInitializeOnLoadAttributes (331ms)
				ProcessInitializeOnLoadMethodAttributes (87ms)
				AfterProcessingInitializeOnLoad (8ms)
				EditorAssembliesLoaded (0ms)
			ExecutionOrderSort2 (0ms)
			AwakeInstancesAfterBackupRestoration (7ms)
Platform modules already initialized, skipping
Refreshing native plugins compatible for Editor in 2.93 ms, found 5 plugins.
Preloading 0 native plugins for Editor in 0.00 ms.
Unloading 5666 Unused Serialized files (Serialized files now loaded: 0)
Unloading 43 unused Assets / (505.5 KB). Loaded Objects now: 6282.
Memory consumption went from 225.6 MB to 225.1 MB.
Total: 5.428600 ms (FindLiveObjects: 0.810900 ms CreateObjectMapping: 0.463400 ms MarkObjects: 3.727400 ms  DeleteObjects: 0.425900 ms)

AssetImportParameters requested are different than current active one (requested -> active):
  custom:video-decoder-ogg-theora: a1e56fd34408186e4bbccfd4996cb3dc -> 
  custom:container-muxer-webm: aa71ff27fc2769a1b78a27578f13a17b -> 
  custom:container-demuxer-webm: 4f35f7cbe854078d1ac9338744f61a02 -> 
  custom:video-encoder-webm-vp8: eb34c28f22e8b96e1ab97ce403110664 -> 
  custom:video-codec-MediaFoundation-h265: 746d11721c4dcdbdad8f713fa42b33f4 -> 
  custom:audio-encoder-webm-vorbis: bf7c407c2cedff20999df2af8eb42d56 -> 
  custom:framework-win-MediaFoundation: 216162199b28c13a410421893ffa2e32 -> 
  custom:container-demuxer-ogg: 62fdf1f143b41e24485cea50d1cbac27 -> 
  custom:video-decoder-webm-vp8: 9c59270c3fd7afecdb556c50c9e8de78 -> 
  custom:audio-decoder-ogg-vorbis: bf7c407c2cedff20999df2af8eb42d56 -> 
========================================================================
Received Prepare
Registering precompiled user dll's ...
Registered in 0.005818 seconds.
Begin MonoManager ReloadAssembly
Symbol file LoadedFromMemory doesn't match image A:\Development\Unity Projects\TrialGame\Trial Game\Library\PackageCache\com.unity.visualscripting@1.8.0\Editor\VisualScripting.Core\Dependencies\YamlDotNet\Unity.VisualScripting.YamlDotNet.dll
Symbol file LoadedFromMemory doesn't match image A:\Development\Unity Projects\TrialGame\Trial Game\Library\PackageCache\com.unity.visualscripting@1.8.0\Editor\VisualScripting.Core\Dependencies\DotNetZip\Unity.VisualScripting.IonicZip.dll
Native extension for WindowsStandalone target not found
Native extension for WebGL target not found
Refreshing native plugins compatible for Editor in 1.82 ms, found 5 plugins.
Preloading 0 native plugins for Editor in 0.00 ms.
Mono: successfully reloaded assembly
- Completed reload, in  1.184 seconds
Domain Reload Profiling:
	ReloadAssembly (1184ms)
		BeginReloadAssembly (138ms)
			ExecutionOrderSort (0ms)
			DisableScriptedObjects (8ms)
			BackupInstance (0ms)
			ReleaseScriptingObjects (0ms)
			CreateAndSetChildDomain (38ms)
		EndReloadAssembly (950ms)
			LoadAssemblies (91ms)
			RebuildTransferFunctionScriptingTraits (0ms)
			SetupTypeCache (258ms)
			ReleaseScriptCaches (2ms)
			RebuildScriptCaches (48ms)
			SetupLoadedEditorAssemblies (513ms)
				LogAssemblyErrors (0ms)
				InitializePlatformSupportModulesInManaged (10ms)
				SetLoadedEditorAssemblies (1ms)
				RefreshPlugins (2ms)
				BeforeProcessingInitializeOnLoad (85ms)
				ProcessInitializeOnLoadAttributes (332ms)
				ProcessInitializeOnLoadMethodAttributes (75ms)
				AfterProcessingInitializeOnLoad (7ms)
				EditorAssembliesLoaded (0ms)
			ExecutionOrderSort2 (0ms)
			AwakeInstancesAfterBackupRestoration (7ms)
Platform modules already initialized, skipping
Refreshing native plugins compatible for Editor in 4.94 ms, found 5 plugins.
Preloading 0 native plugins for Editor in 0.00 ms.
Unloading 5666 Unused Serialized files (Serialized files now loaded: 0)
Unloading 39 unused Assets / (510.9 KB). Loaded Objects now: 6297.
Memory consumption went from 225.5 MB to 225.0 MB.
Total: 3.626100 ms (FindLiveObjects: 0.355300 ms CreateObjectMapping: 0.609100 ms MarkObjects: 2.437800 ms  DeleteObjects: 0.222800 ms)

AssetImportParameters requested are different than current active one (requested -> active):
  custom:video-decoder-ogg-theora: a1e56fd34408186e4bbccfd4996cb3dc -> 
  custom:container-muxer-webm: aa71ff27fc2769a1b78a27578f13a17b -> 
  custom:container-demuxer-webm: 4f35f7cbe854078d1ac9338744f61a02 -> 
  custom:video-encoder-webm-vp8: eb34c28f22e8b96e1ab97ce403110664 -> 
  custom:video-codec-MediaFoundation-h265: 746d11721c4dcdbdad8f713fa42b33f4 -> 
  custom:audio-encoder-webm-vorbis: bf7c407c2cedff20999df2af8eb42d56 -> 
  custom:framework-win-MediaFoundation: 216162199b28c13a410421893ffa2e32 -> 
  custom:container-demuxer-ogg: 62fdf1f143b41e24485cea50d1cbac27 -> 
  custom:video-decoder-webm-vp8: 9c59270c3fd7afecdb556c50c9e8de78 -> 
  custom:audio-decoder-ogg-vorbis: bf7c407c2cedff20999df2af8eb42d56 -> 
