Using pre-set license
Built from '2021.3/staging' branch; Version is '2021.3.24f1 (cf10dcf7010d) revision 13570268'; Using compiler version '192829333'; Build Type 'Release'
OS: 'Windows 11  (10.0.22621) 64bit Core' Language: 'en' Physical Memory: 32710 MB
BatchMode: 1, IsHumanControllingUs: 0, StartBugReporterOnCrash: 0, Is64bit: 1, IsPro: 1

COMMAND LINE ARGUMENTS:
C:\Program Files\Unity\Hub\Editor\2021.3.24f1\Editor\Unity.exe
-adb2
-batchMode
-noUpm
-name
AssetImportWorker2
-projectPath
A:/Development/Unity Projects/TrialGame/Trial Game
-logFile
Logs/AssetImportWorker2.log
-srvPort
50527
Successfully changed project path to: A:/Development/Unity Projects/TrialGame/Trial Game
A:/Development/Unity Projects/TrialGame/Trial Game
[UnityMemory] Configuration Parameters - Can be set up in boot.config
    "memorysetup-bucket-allocator-granularity=16"
    "memorysetup-bucket-allocator-bucket-count=8"
    "memorysetup-bucket-allocator-block-size=33554432"
    "memorysetup-bucket-allocator-block-count=8"
    "memorysetup-main-allocator-block-size=16777216"
    "memorysetup-thread-allocator-block-size=16777216"
    "memorysetup-gfx-main-allocator-block-size=16777216"
    "memorysetup-gfx-thread-allocator-block-size=16777216"
    "memorysetup-cache-allocator-block-size=4194304"
    "memorysetup-typetree-allocator-block-size=2097152"
    "memorysetup-profiler-bucket-allocator-granularity=16"
    "memorysetup-profiler-bucket-allocator-bucket-count=8"
    "memorysetup-profiler-bucket-allocator-block-size=33554432"
    "memorysetup-profiler-bucket-allocator-block-count=8"
    "memorysetup-profiler-allocator-block-size=16777216"
    "memorysetup-profiler-editor-allocator-block-size=1048576"
    "memorysetup-temp-allocator-size-main=16777216"
    "memorysetup-job-temp-allocator-block-size=2097152"
    "memorysetup-job-temp-allocator-block-size-background=1048576"
    "memorysetup-job-temp-allocator-reduction-small-platforms=262144"
    "memorysetup-temp-allocator-size-background-worker=32768"
    "memorysetup-temp-allocator-size-job-worker=262144"
    "memorysetup-temp-allocator-size-preload-manager=33554432"
    "memorysetup-temp-allocator-size-nav-mesh-worker=65536"
    "memorysetup-temp-allocator-size-audio-worker=65536"
    "memorysetup-temp-allocator-size-cloud-worker=32768"
    "memorysetup-temp-allocator-size-gi-baking-worker=262144"
    "memorysetup-temp-allocator-size-gfx=262144"
Player connection [33468] Host "[IP] 10.0.0.14 [Port] 0 [Flags] 2 [Guid] 2099785179 [EditorId] 2099785179 [Version] 1048832 [Id] WindowsEditor(7,Edgar-i7-Ti-PC) [Debug] 1 [PackageName] WindowsEditor [ProjectName] Editor" joined multi-casting on [225.0.0.222:54997]...

Player connection [33468] Host "[IP] 10.0.0.14 [Port] 0 [Flags] 2 [Guid] 2099785179 [EditorId] 2099785179 [Version] 1048832 [Id] WindowsEditor(7,Edgar-i7-Ti-PC) [Debug] 1 [PackageName] WindowsEditor [ProjectName] Editor" joined alternative multi-casting on [225.0.0.222:34997]...

Refreshing native plugins compatible for Editor in 140.50 ms, found 5 plugins.
Preloading 0 native plugins for Editor in 0.00 ms.
Initialize engine version: 2021.3.24f1 (cf10dcf7010d)
[Subsystems] Discovering subsystems at path C:/Program Files/Unity/Hub/Editor/2021.3.24f1/Editor/Data/Resources/UnitySubsystems
[Subsystems] Discovering subsystems at path A:/Development/Unity Projects/TrialGame/Trial Game/Assets
GfxDevice: creating device client; threaded=0; jobified=0
Direct3D:
    Version:  Direct3D 11.0 [level 11.1]
    Renderer: NVIDIA GeForce RTX 3080 Ti (ID=0x2208)
    Vendor:   NVIDIA
    VRAM:     12100 MB
    Driver:   31.0.15.3168
Initialize mono
Mono path[0] = 'C:/Program Files/Unity/Hub/Editor/2021.3.24f1/Editor/Data/Managed'
Mono path[1] = 'C:/Program Files/Unity/Hub/Editor/2021.3.24f1/Editor/Data/MonoBleedingEdge/lib/mono/unityjit-win32'
Mono config path = 'C:/Program Files/Unity/Hub/Editor/2021.3.24f1/Editor/Data/MonoBleedingEdge/etc'
Using monoOptions --debugger-agent=transport=dt_socket,embedding=1,server=y,suspend=n,address=127.0.0.1:56928
Begin MonoManager ReloadAssembly
Registering precompiled unity dll's ...
Register platform support module: C:/Program Files/Unity/Hub/Editor/2021.3.24f1/Editor/Data/PlaybackEngines/WebGLSupport/UnityEditor.WebGL.Extensions.dll
Register platform support module: C:/Program Files/Unity/Hub/Editor/2021.3.24f1/Editor/Data/PlaybackEngines/WindowsStandaloneSupport/UnityEditor.WindowsStandalone.Extensions.dll
Registered in 0.005482 seconds.
Native extension for WindowsStandalone target not found
Native extension for WebGL target not found
Refreshing native plugins compatible for Editor in 123.23 ms, found 5 plugins.
Preloading 0 native plugins for Editor in 0.00 ms.
Mono: successfully reloaded assembly
- Completed reload, in  0.680 seconds
Domain Reload Profiling:
	ReloadAssembly (680ms)
		BeginReloadAssembly (84ms)
			ExecutionOrderSort (0ms)
			DisableScriptedObjects (0ms)
			BackupInstance (0ms)
			ReleaseScriptingObjects (0ms)
			CreateAndSetChildDomain (1ms)
		EndReloadAssembly (505ms)
			LoadAssemblies (81ms)
			RebuildTransferFunctionScriptingTraits (0ms)
			SetupTypeCache (102ms)
			ReleaseScriptCaches (0ms)
			RebuildScriptCaches (38ms)
			SetupLoadedEditorAssemblies (314ms)
				LogAssemblyErrors (0ms)
				InitializePlatformSupportModulesInManaged (8ms)
				SetLoadedEditorAssemblies (0ms)
				RefreshPlugins (123ms)
				BeforeProcessingInitializeOnLoad (1ms)
				ProcessInitializeOnLoadAttributes (136ms)
				ProcessInitializeOnLoadMethodAttributes (46ms)
				AfterProcessingInitializeOnLoad (0ms)
				EditorAssembliesLoaded (0ms)
			ExecutionOrderSort2 (0ms)
			AwakeInstancesAfterBackupRestoration (0ms)
Platform modules already initialized, skipping
Registering precompiled user dll's ...
Registered in 0.006441 seconds.
Begin MonoManager ReloadAssembly
Symbol file LoadedFromMemory doesn't match image A:\Development\Unity Projects\TrialGame\Trial Game\Library\PackageCache\com.unity.visualscripting@1.8.0\Editor\VisualScripting.Core\Dependencies\YamlDotNet\Unity.VisualScripting.YamlDotNet.dll
Symbol file LoadedFromMemory doesn't match image A:\Development\Unity Projects\TrialGame\Trial Game\Library\PackageCache\com.unity.visualscripting@1.8.0\Editor\VisualScripting.Core\Dependencies\DotNetZip\Unity.VisualScripting.IonicZip.dll
Native extension for WindowsStandalone target not found
Native extension for WebGL target not found
Refreshing native plugins compatible for Editor in 128.05 ms, found 5 plugins.
Preloading 0 native plugins for Editor in 0.00 ms.
Mono: successfully reloaded assembly
- Completed reload, in  1.693 seconds
Domain Reload Profiling:
	ReloadAssembly (1696ms)
		BeginReloadAssembly (115ms)
			ExecutionOrderSort (0ms)
			DisableScriptedObjects (8ms)
			BackupInstance (0ms)
			ReleaseScriptingObjects (0ms)
			CreateAndSetChildDomain (19ms)
		EndReloadAssembly (1475ms)
			LoadAssemblies (95ms)
			RebuildTransferFunctionScriptingTraits (0ms)
			SetupTypeCache (360ms)
			ReleaseScriptCaches (1ms)
			RebuildScriptCaches (124ms)
			SetupLoadedEditorAssemblies (812ms)
				LogAssemblyErrors (0ms)
				InitializePlatformSupportModulesInManaged (5ms)
				SetLoadedEditorAssemblies (0ms)
				RefreshPlugins (128ms)
				BeforeProcessingInitializeOnLoad (115ms)
				ProcessInitializeOnLoadAttributes (451ms)
				ProcessInitializeOnLoadMethodAttributes (103ms)
				AfterProcessingInitializeOnLoad (9ms)
				EditorAssembliesLoaded (0ms)
			ExecutionOrderSort2 (0ms)
			AwakeInstancesAfterBackupRestoration (12ms)
Platform modules already initialized, skipping
========================================================================
Worker process is ready to serve import requests
Launched and connected shader compiler UnityShaderCompiler.exe after 0.05 seconds
Refreshing native plugins compatible for Editor in 1.08 ms, found 5 plugins.
Preloading 0 native plugins for Editor in 0.00 ms.
Unloading 5756 Unused Serialized files (Serialized files now loaded: 0)
Unloading 62 unused Assets / (501.9 KB). Loaded Objects now: 6205.
Memory consumption went from 228.6 MB to 228.1 MB.
Total: 3.803100 ms (FindLiveObjects: 0.540600 ms CreateObjectMapping: 0.369300 ms MarkObjects: 2.674100 ms  DeleteObjects: 0.218400 ms)

AssetImportParameters requested are different than current active one (requested -> active):
  custom:video-decoder-ogg-theora: a1e56fd34408186e4bbccfd4996cb3dc -> 
  custom:container-muxer-webm: aa71ff27fc2769a1b78a27578f13a17b -> 
  custom:container-demuxer-webm: 4f35f7cbe854078d1ac9338744f61a02 -> 
  custom:video-encoder-webm-vp8: eb34c28f22e8b96e1ab97ce403110664 -> 
  custom:video-codec-MediaFoundation-h265: 746d11721c4dcdbdad8f713fa42b33f4 -> 
  custom:audio-encoder-webm-vorbis: bf7c407c2cedff20999df2af8eb42d56 -> 
  custom:framework-win-MediaFoundation: 216162199b28c13a410421893ffa2e32 -> 
  custom:container-demuxer-ogg: 62fdf1f143b41e24485cea50d1cbac27 -> 
  custom:video-decoder-webm-vp8: 9c59270c3fd7afecdb556c50c9e8de78 -> 
  custom:audio-decoder-ogg-vorbis: bf7c407c2cedff20999df2af8eb42d56 -> 
========================================================================
Received Prepare
Registering precompiled user dll's ...
Registered in 0.005810 seconds.
Begin MonoManager ReloadAssembly
Symbol file LoadedFromMemory doesn't match image A:\Development\Unity Projects\TrialGame\Trial Game\Library\PackageCache\com.unity.visualscripting@1.8.0\Editor\VisualScripting.Core\Dependencies\YamlDotNet\Unity.VisualScripting.YamlDotNet.dll
Symbol file LoadedFromMemory doesn't match image A:\Development\Unity Projects\TrialGame\Trial Game\Library\PackageCache\com.unity.visualscripting@1.8.0\Editor\VisualScripting.Core\Dependencies\DotNetZip\Unity.VisualScripting.IonicZip.dll
Native extension for WindowsStandalone target not found
Native extension for WebGL target not found
Refreshing native plugins compatible for Editor in 1.05 ms, found 5 plugins.
Preloading 0 native plugins for Editor in 0.00 ms.
Mono: successfully reloaded assembly
- Completed reload, in  1.158 seconds
Domain Reload Profiling:
	ReloadAssembly (1159ms)
		BeginReloadAssembly (131ms)
			ExecutionOrderSort (0ms)
			DisableScriptedObjects (6ms)
			BackupInstance (0ms)
			ReleaseScriptingObjects (0ms)
			CreateAndSetChildDomain (41ms)
		EndReloadAssembly (932ms)
			LoadAssemblies (83ms)
			RebuildTransferFunctionScriptingTraits (0ms)
			SetupTypeCache (271ms)
			ReleaseScriptCaches (1ms)
			RebuildScriptCaches (48ms)
			SetupLoadedEditorAssemblies (490ms)
				LogAssemblyErrors (0ms)
				InitializePlatformSupportModulesInManaged (7ms)
				SetLoadedEditorAssemblies (0ms)
				RefreshPlugins (1ms)
				BeforeProcessingInitializeOnLoad (83ms)
				ProcessInitializeOnLoadAttributes (304ms)
				ProcessInitializeOnLoadMethodAttributes (86ms)
				AfterProcessingInitializeOnLoad (8ms)
				EditorAssembliesLoaded (0ms)
			ExecutionOrderSort2 (0ms)
			AwakeInstancesAfterBackupRestoration (6ms)
Platform modules already initialized, skipping
Refreshing native plugins compatible for Editor in 2.71 ms, found 5 plugins.
Preloading 0 native plugins for Editor in 0.00 ms.
Unloading 5666 Unused Serialized files (Serialized files now loaded: 0)
Unloading 39 unused Assets / (502.0 KB). Loaded Objects now: 6220.
Memory consumption went from 221.0 MB to 220.5 MB.
Total: 3.383300 ms (FindLiveObjects: 0.324600 ms CreateObjectMapping: 0.269400 ms MarkObjects: 2.568700 ms  DeleteObjects: 0.219500 ms)

AssetImportParameters requested are different than current active one (requested -> active):
  custom:video-decoder-ogg-theora: a1e56fd34408186e4bbccfd4996cb3dc -> 
  custom:container-muxer-webm: aa71ff27fc2769a1b78a27578f13a17b -> 
  custom:container-demuxer-webm: 4f35f7cbe854078d1ac9338744f61a02 -> 
  custom:video-encoder-webm-vp8: eb34c28f22e8b96e1ab97ce403110664 -> 
  custom:video-codec-MediaFoundation-h265: 746d11721c4dcdbdad8f713fa42b33f4 -> 
  custom:audio-encoder-webm-vorbis: bf7c407c2cedff20999df2af8eb42d56 -> 
  custom:framework-win-MediaFoundation: 216162199b28c13a410421893ffa2e32 -> 
  custom:container-demuxer-ogg: 62fdf1f143b41e24485cea50d1cbac27 -> 
  custom:video-decoder-webm-vp8: 9c59270c3fd7afecdb556c50c9e8de78 -> 
  custom:audio-decoder-ogg-vorbis: bf7c407c2cedff20999df2af8eb42d56 -> 
========================================================================
Received Import Request.
  Time since last request: 32146.170897 seconds.
  path: Assets/Prefabs/Units/Damager_Melee.prefab
  artifactKey: Guid(a1470483a96840d4c8f5f3eb5858d11c) Importer(815301076,1909f56bfc062723c751e8b465ee728b)
Start importing Assets/Prefabs/Units/Damager_Melee.prefab using Guid(a1470483a96840d4c8f5f3eb5858d11c) Importer(815301076,1909f56bfc062723c751e8b465ee728b)  -> (artifact id: 'bd81d54b9d21288a48fcca7d4584ceeb') in 0.149094 seconds 
========================================================================
Received Import Request.
  Time since last request: 0.000031 seconds.
  path: Assets/Prefabs/Units/EnemyManager.prefab
  artifactKey: Guid(4270de0bbc3e17742abf24bb7084e436) Importer(815301076,1909f56bfc062723c751e8b465ee728b)
Start importing Assets/Prefabs/Units/EnemyManager.prefab using Guid(4270de0bbc3e17742abf24bb7084e436) Importer(815301076,1909f56bfc062723c751e8b465ee728b)  -> (artifact id: '0ea4f3ccc018e5f90e989c94f133bc9d') in 0.008862 seconds 
========================================================================
Received Import Request.
  Time since last request: 0.000025 seconds.
  path: Assets/Prefabs/Units/StatusHandler.prefab
  artifactKey: Guid(9cc537bb0aaa0cd4d90fbe4e3a5756f1) Importer(815301076,1909f56bfc062723c751e8b465ee728b)
Start importing Assets/Prefabs/Units/StatusHandler.prefab using Guid(9cc537bb0aaa0cd4d90fbe4e3a5756f1) Importer(815301076,1909f56bfc062723c751e8b465ee728b)  -> (artifact id: '1ae6411589e1c03c4d27c5f98617079d') in 0.029498 seconds 
========================================================================
Received Import Request.
  Time since last request: 0.000018 seconds.
  path: Assets/Prefabs/Units/UnitCanvas.prefab
  artifactKey: Guid(8fdb15e02374c45448b1ee5a0b9425b5) Importer(815301076,1909f56bfc062723c751e8b465ee728b)
Start importing Assets/Prefabs/Units/UnitCanvas.prefab using Guid(8fdb15e02374c45448b1ee5a0b9425b5) Importer(815301076,1909f56bfc062723c751e8b465ee728b)  -> (artifact id: '5648ee976fab48161583d0dd41ac0686') in 0.059843 seconds 
========================================================================
Received Import Request.
  Time since last request: 1.275500 seconds.
  path: Assets/Prefabs/Units/Aztecs/Atlatl.prefab
  artifactKey: Guid(bfd7fc0cd32b7a041b188f4668204139) Importer(815301076,1909f56bfc062723c751e8b465ee728b)
Start importing Assets/Prefabs/Units/Aztecs/Atlatl.prefab using Guid(bfd7fc0cd32b7a041b188f4668204139) Importer(815301076,1909f56bfc062723c751e8b465ee728b)  -> (artifact id: '37dc6296a87da19be7776f4d41a40845') in 0.243300 seconds 
========================================================================
Received Import Request.
  Time since last request: 0.000027 seconds.
  path: Assets/Prefabs/Units/Aztecs/Tlamani_Sel.prefab
  artifactKey: Guid(351e1086625f31b41b2bbb44161689ab) Importer(815301076,1909f56bfc062723c751e8b465ee728b)
Start importing Assets/Prefabs/Units/Aztecs/Tlamani_Sel.prefab using Guid(351e1086625f31b41b2bbb44161689ab) Importer(815301076,1909f56bfc062723c751e8b465ee728b)  -> (artifact id: 'fb4f6652c29a7d47f64e08be8116afa9') in 0.010329 seconds 
========================================================================
Received Import Request.
  Time since last request: 0.000029 seconds.
  path: Assets/Prefabs/Units/Aztecs/Warrior_Sel.prefab
  artifactKey: Guid(59c903b0cfeb51e4f8f1e7caddbf0723) Importer(815301076,1909f56bfc062723c751e8b465ee728b)
Start importing Assets/Prefabs/Units/Aztecs/Warrior_Sel.prefab using Guid(59c903b0cfeb51e4f8f1e7caddbf0723) Importer(815301076,1909f56bfc062723c751e8b465ee728b)  -> (artifact id: 'df11dd47d3ce04f7e8dc90d281b2d070') in 0.010895 seconds 
========================================================================
Received Import Request.
  Time since last request: 0.000025 seconds.
  path: Assets/Prefabs/Units/Aztecs/Tlamani.prefab
  artifactKey: Guid(06ff8d88cde7d1f4fa67f06a13f5b1e0) Importer(815301076,1909f56bfc062723c751e8b465ee728b)
Start importing Assets/Prefabs/Units/Aztecs/Tlamani.prefab using Guid(06ff8d88cde7d1f4fa67f06a13f5b1e0) Importer(815301076,1909f56bfc062723c751e8b465ee728b)  -> (artifact id: '93a50424a99cb85578574738cb63d041') in 0.245823 seconds 
========================================================================
Received Import Request.
  Time since last request: 1459.198814 seconds.
  path: Assets/Prefabs/Units/Conquistadors/Arquebusier.prefab
  artifactKey: Guid(6e2020ec14f75e447951bc92dba43a50) Importer(815301076,1909f56bfc062723c751e8b465ee728b)
Start importing Assets/Prefabs/Units/Conquistadors/Arquebusier.prefab using Guid(6e2020ec14f75e447951bc92dba43a50) Importer(815301076,1909f56bfc062723c751e8b465ee728b)  -> (artifact id: '41b044dee4141a7f765284870a5454d4') in 0.284539 seconds 
========================================================================
Received Import Request.
  Time since last request: 0.000027 seconds.
  path: Assets/Prefabs/Units/Conquistadors/Jinete.prefab
  artifactKey: Guid(66dda56ce26d2b641a912af065188dd2) Importer(815301076,1909f56bfc062723c751e8b465ee728b)
Start importing Assets/Prefabs/Units/Conquistadors/Jinete.prefab using Guid(66dda56ce26d2b641a912af065188dd2) Importer(815301076,1909f56bfc062723c751e8b465ee728b)  -> (artifact id: '5f28a02eaa0fa859890b64616969c8d1') in 0.286622 seconds 
========================================================================
Received Import Request.
  Time since last request: 1285.114126 seconds.
  path: Assets/Prefabs/Units/Conquistadors/Jinete.prefab
  artifactKey: Guid(66dda56ce26d2b641a912af065188dd2) Importer(815301076,1909f56bfc062723c751e8b465ee728b)
Start importing Assets/Prefabs/Units/Conquistadors/Jinete.prefab using Guid(66dda56ce26d2b641a912af065188dd2) Importer(815301076,1909f56bfc062723c751e8b465ee728b)  -> (artifact id: 'ae01fbfab55ec00f02959dc481090a7c') in 0.150128 seconds 
========================================================================
Received Import Request.
  Time since last request: 3179.943694 seconds.
  path: Assets/Art/Sprites/Characters/Aztecs/Tlamani/Front/Hurt.png
  artifactKey: Guid(53c08233273f6ab4ba2f696d5a0987f7) Importer(815301076,1909f56bfc062723c751e8b465ee728b)
Start importing Assets/Art/Sprites/Characters/Aztecs/Tlamani/Front/Hurt.png using Guid(53c08233273f6ab4ba2f696d5a0987f7) Importer(815301076,1909f56bfc062723c751e8b465ee728b)  -> (artifact id: '767e933b9de640dc443f999a5ec919a6') in 0.175130 seconds 
========================================================================
Received Import Request.
  Time since last request: 0.000029 seconds.
  path: Assets/Art/Sprites/MoveGrid/Path_Head_Up.png
  artifactKey: Guid(1e3b51e220f38dd4b9fe2e60873aaf77) Importer(815301076,1909f56bfc062723c751e8b465ee728b)
Start importing Assets/Art/Sprites/MoveGrid/Path_Head_Up.png using Guid(1e3b51e220f38dd4b9fe2e60873aaf77) Importer(815301076,1909f56bfc062723c751e8b465ee728b)  -> (artifact id: '78132c5c1d14c206018e0f0a31ab061b') in 0.021841 seconds 
========================================================================
Received Import Request.
  Time since last request: 0.000025 seconds.
  path: Assets/Art/Sprites/Characters/Aztecs/Tlamani/Side/Hurt.png
  artifactKey: Guid(4dcf827aab95d604a9bf283ca94ccbfa) Importer(815301076,1909f56bfc062723c751e8b465ee728b)
Start importing Assets/Art/Sprites/Characters/Aztecs/Tlamani/Side/Hurt.png using Guid(4dcf827aab95d604a9bf283ca94ccbfa) Importer(815301076,1909f56bfc062723c751e8b465ee728b)  -> (artifact id: '0091e6dbe605992743ca225dd45194c9') in 0.084337 seconds 
========================================================================
Received Import Request.
  Time since last request: 0.000017 seconds.
  path: Assets/Art/Level Pictures/Level 2.png
  artifactKey: Guid(9ab0dc48349099d45a5806d9a0a1ee98) Importer(815301076,1909f56bfc062723c751e8b465ee728b)
Start importing Assets/Art/Level Pictures/Level 2.png using Guid(9ab0dc48349099d45a5806d9a0a1ee98) Importer(815301076,1909f56bfc062723c751e8b465ee728b)  -> (artifact id: '9112aa33ff76c4820369df896bb5e0aa') in 0.053181 seconds 
========================================================================
Received Import Request.
  Time since last request: 0.000022 seconds.
  path: Assets/Art/Sprites/MoveGrid/Path_Start.png
  artifactKey: Guid(0465821c3bda6a047b6570cb316055d2) Importer(815301076,1909f56bfc062723c751e8b465ee728b)
Start importing Assets/Art/Sprites/MoveGrid/Path_Start.png using Guid(0465821c3bda6a047b6570cb316055d2) Importer(815301076,1909f56bfc062723c751e8b465ee728b)  -> (artifact id: 'e0ab29352d19f6f447ff18ad3f667a2d') in 0.023264 seconds 
========================================================================
Received Import Request.
  Time since last request: 0.000016 seconds.
  path: Assets/Art/Sprites/Characters/Conquistadors/Jinete/Side/Jinete-Idle.png
  artifactKey: Guid(f22f1a3e1b73e0e4ebbfb2e2e4a9f43b) Importer(815301076,1909f56bfc062723c751e8b465ee728b)
Start importing Assets/Art/Sprites/Characters/Conquistadors/Jinete/Side/Jinete-Idle.png using Guid(f22f1a3e1b73e0e4ebbfb2e2e4a9f43b) Importer(815301076,1909f56bfc062723c751e8b465ee728b)  -> (artifact id: '09e4d81b6c329b957dac46e626ad00fe') in 0.678487 seconds 
========================================================================
Received Import Request.
  Time since last request: 0.000048 seconds.
  path: Assets/Art/Sprites/MoveGrid/OccupiedSquare.png
  artifactKey: Guid(aa9f9421019dae64bb4681c677ad6ff2) Importer(815301076,1909f56bfc062723c751e8b465ee728b)
Start importing Assets/Art/Sprites/MoveGrid/OccupiedSquare.png using Guid(aa9f9421019dae64bb4681c677ad6ff2) Importer(815301076,1909f56bfc062723c751e8b465ee728b)  -> (artifact id: '0b5e8dedc2efebeb737bb322e8e30f50') in 0.060315 seconds 
========================================================================
Received Import Request.
  Time since last request: 0.000030 seconds.
  path: Assets/Art/Sprites/Characters/Conquistadors/Arquebusier/Side/Ready.png
  artifactKey: Guid(a115ea5dc562a56449921e062b810d57) Importer(815301076,1909f56bfc062723c751e8b465ee728b)
Start importing Assets/Art/Sprites/Characters/Conquistadors/Arquebusier/Side/Ready.png using Guid(a115ea5dc562a56449921e062b810d57) Importer(815301076,1909f56bfc062723c751e8b465ee728b)  -> (artifact id: '5b34de28e026cceeb1b31469a0194aad') in 0.083762 seconds 
========================================================================
Received Import Request.
  Time since last request: 0.000018 seconds.
  path: Assets/Art/Level Pictures/Level 1.png
  artifactKey: Guid(37538aa692d10cd41b6ce34e328c7173) Importer(815301076,1909f56bfc062723c751e8b465ee728b)
Start importing Assets/Art/Level Pictures/Level 1.png using Guid(37538aa692d10cd41b6ce34e328c7173) Importer(815301076,1909f56bfc062723c751e8b465ee728b)  -> (artifact id: '920813e0b628ec3f7bb637e9c426690a') in 0.068095 seconds 
========================================================================
Received Import Request.
  Time since last request: 0.000017 seconds.
  path: Assets/Art/Sprites/Characters/Aztecs/Warrior/Side/Old/Idle.png
  artifactKey: Guid(1830ce3d147f0cd48b6f195bebf4ee52) Importer(815301076,1909f56bfc062723c751e8b465ee728b)
Start importing Assets/Art/Sprites/Characters/Aztecs/Warrior/Side/Old/Idle.png using Guid(1830ce3d147f0cd48b6f195bebf4ee52) Importer(815301076,1909f56bfc062723c751e8b465ee728b)  -> (artifact id: 'a744c893593241c7faca4f06e6f0aa2b') in 0.048428 seconds 
========================================================================
Received Import Request.
  Time since last request: 0.000022 seconds.
  path: Assets/Art/Sprites/MoveGrid/Path_Head_Left.png
  artifactKey: Guid(adea751be8ef05e44b25fe6600228ed9) Importer(815301076,1909f56bfc062723c751e8b465ee728b)
Start importing Assets/Art/Sprites/MoveGrid/Path_Head_Left.png using Guid(adea751be8ef05e44b25fe6600228ed9) Importer(815301076,1909f56bfc062723c751e8b465ee728b)  -> (artifact id: 'd1bd529b81cf8e64710cece426023be6') in 0.022549 seconds 
========================================================================
Received Prepare
Registering precompiled user dll's ...
Registered in 0.005734 seconds.
Begin MonoManager ReloadAssembly
Symbol file LoadedFromMemory doesn't match image A:\Development\Unity Projects\TrialGame\Trial Game\Library\PackageCache\com.unity.visualscripting@1.8.0\Editor\VisualScripting.Core\Dependencies\YamlDotNet\Unity.VisualScripting.YamlDotNet.dll
Symbol file LoadedFromMemory doesn't match image A:\Development\Unity Projects\TrialGame\Trial Game\Library\PackageCache\com.unity.visualscripting@1.8.0\Editor\VisualScripting.Core\Dependencies\DotNetZip\Unity.VisualScripting.IonicZip.dll
Native extension for WindowsStandalone target not found
Native extension for WebGL target not found
Refreshing native plugins compatible for Editor in 1.04 ms, found 5 plugins.
Preloading 0 native plugins for Editor in 0.00 ms.
Mono: successfully reloaded assembly
- Completed reload, in  1.248 seconds
Domain Reload Profiling:
	ReloadAssembly (1249ms)
		BeginReloadAssembly (149ms)
			ExecutionOrderSort (0ms)
			DisableScriptedObjects (7ms)
			BackupInstance (0ms)
			ReleaseScriptingObjects (0ms)
			CreateAndSetChildDomain (40ms)
		EndReloadAssembly (1007ms)
			LoadAssemblies (101ms)
			RebuildTransferFunctionScriptingTraits (0ms)
			SetupTypeCache (300ms)
			ReleaseScriptCaches (2ms)
			RebuildScriptCaches (58ms)
			SetupLoadedEditorAssemblies (511ms)
				LogAssemblyErrors (0ms)
				InitializePlatformSupportModulesInManaged (8ms)
				SetLoadedEditorAssemblies (0ms)
				RefreshPlugins (1ms)
				BeforeProcessingInitializeOnLoad (82ms)
				ProcessInitializeOnLoadAttributes (321ms)
				ProcessInitializeOnLoadMethodAttributes (87ms)
				AfterProcessingInitializeOnLoad (10ms)
				EditorAssembliesLoaded (0ms)
			ExecutionOrderSort2 (0ms)
			AwakeInstancesAfterBackupRestoration (7ms)
Platform modules already initialized, skipping
Refreshing native plugins compatible for Editor in 3.05 ms, found 5 plugins.
Preloading 0 native plugins for Editor in 0.00 ms.
Unloading 5666 Unused Serialized files (Serialized files now loaded: 0)
Unloading 43 unused Assets / (0.5 MB). Loaded Objects now: 6266.
Memory consumption went from 225.5 MB to 225.0 MB.
Total: 4.994400 ms (FindLiveObjects: 0.544200 ms CreateObjectMapping: 0.464900 ms MarkObjects: 3.691900 ms  DeleteObjects: 0.292300 ms)

AssetImportParameters requested are different than current active one (requested -> active):
  custom:video-decoder-ogg-theora: a1e56fd34408186e4bbccfd4996cb3dc -> 
  custom:container-muxer-webm: aa71ff27fc2769a1b78a27578f13a17b -> 
  custom:container-demuxer-webm: 4f35f7cbe854078d1ac9338744f61a02 -> 
  custom:video-encoder-webm-vp8: eb34c28f22e8b96e1ab97ce403110664 -> 
  custom:video-codec-MediaFoundation-h265: 746d11721c4dcdbdad8f713fa42b33f4 -> 
  custom:audio-encoder-webm-vorbis: bf7c407c2cedff20999df2af8eb42d56 -> 
  custom:framework-win-MediaFoundation: 216162199b28c13a410421893ffa2e32 -> 
  custom:container-demuxer-ogg: 62fdf1f143b41e24485cea50d1cbac27 -> 
  custom:video-decoder-webm-vp8: 9c59270c3fd7afecdb556c50c9e8de78 -> 
  custom:audio-decoder-ogg-vorbis: bf7c407c2cedff20999df2af8eb42d56 -> 
========================================================================
Received Prepare
Registering precompiled user dll's ...
Registered in 0.008123 seconds.
Begin MonoManager ReloadAssembly
Symbol file LoadedFromMemory doesn't match image A:\Development\Unity Projects\TrialGame\Trial Game\Library\PackageCache\com.unity.visualscripting@1.8.0\Editor\VisualScripting.Core\Dependencies\YamlDotNet\Unity.VisualScripting.YamlDotNet.dll
Symbol file LoadedFromMemory doesn't match image A:\Development\Unity Projects\TrialGame\Trial Game\Library\PackageCache\com.unity.visualscripting@1.8.0\Editor\VisualScripting.Core\Dependencies\DotNetZip\Unity.VisualScripting.IonicZip.dll
Native extension for WindowsStandalone target not found
Native extension for WebGL target not found
Refreshing native plugins compatible for Editor in 1.44 ms, found 5 plugins.
Preloading 0 native plugins for Editor in 0.00 ms.
Mono: successfully reloaded assembly
- Completed reload, in  1.183 seconds
Domain Reload Profiling:
	ReloadAssembly (1184ms)
		BeginReloadAssembly (134ms)
			ExecutionOrderSort (0ms)
			DisableScriptedObjects (6ms)
			BackupInstance (0ms)
			ReleaseScriptingObjects (0ms)
			CreateAndSetChildDomain (38ms)
		EndReloadAssembly (957ms)
			LoadAssemblies (90ms)
			RebuildTransferFunctionScriptingTraits (0ms)
			SetupTypeCache (263ms)
			ReleaseScriptCaches (2ms)
			RebuildScriptCaches (48ms)
			SetupLoadedEditorAssemblies (519ms)
				LogAssemblyErrors (0ms)
				InitializePlatformSupportModulesInManaged (9ms)
				SetLoadedEditorAssemblies (1ms)
				RefreshPlugins (2ms)
				BeforeProcessingInitializeOnLoad (82ms)
				ProcessInitializeOnLoadAttributes (344ms)
				ProcessInitializeOnLoadMethodAttributes (74ms)
				AfterProcessingInitializeOnLoad (8ms)
				EditorAssembliesLoaded (0ms)
			ExecutionOrderSort2 (0ms)
			AwakeInstancesAfterBackupRestoration (6ms)
Platform modules already initialized, skipping
Refreshing native plugins compatible for Editor in 3.02 ms, found 5 plugins.
Preloading 0 native plugins for Editor in 0.00 ms.
Unloading 5666 Unused Serialized files (Serialized files now loaded: 0)
Unloading 39 unused Assets / (502.1 KB). Loaded Objects now: 6281.
Memory consumption went from 225.5 MB to 225.0 MB.
Total: 3.366600 ms (FindLiveObjects: 0.334500 ms CreateObjectMapping: 0.286000 ms MarkObjects: 2.519500 ms  DeleteObjects: 0.225700 ms)

AssetImportParameters requested are different than current active one (requested -> active):
  custom:video-decoder-ogg-theora: a1e56fd34408186e4bbccfd4996cb3dc -> 
  custom:container-muxer-webm: aa71ff27fc2769a1b78a27578f13a17b -> 
  custom:container-demuxer-webm: 4f35f7cbe854078d1ac9338744f61a02 -> 
  custom:video-encoder-webm-vp8: eb34c28f22e8b96e1ab97ce403110664 -> 
  custom:video-codec-MediaFoundation-h265: 746d11721c4dcdbdad8f713fa42b33f4 -> 
  custom:audio-encoder-webm-vorbis: bf7c407c2cedff20999df2af8eb42d56 -> 
  custom:framework-win-MediaFoundation: 216162199b28c13a410421893ffa2e32 -> 
  custom:container-demuxer-ogg: 62fdf1f143b41e24485cea50d1cbac27 -> 
  custom:video-decoder-webm-vp8: 9c59270c3fd7afecdb556c50c9e8de78 -> 
  custom:audio-decoder-ogg-vorbis: bf7c407c2cedff20999df2af8eb42d56 -> 
